<?xml version="1.0" encoding="UTF-8"?>
<coverage generated="1771891279396" clover="3.2.0">
  <project timestamp="1771891279396" name="All files">
    <metrics statements="300" coveredstatements="184" conditionals="208" coveredconditionals="124" methods="78" coveredmethods="48" elements="586" coveredelements="356" complexity="0" loc="300" ncloc="300" packages="2" files="6" classes="6"/>
    <package name="hooks">
      <metrics statements="54" coveredstatements="30" conditionals="18" coveredconditionals="5" methods="17" coveredmethods="9"/>
      <file name="useOnboarding.ts" path="C:\Users\sandra\Documents\N0\p31-buffer\apps\web\src\hooks\useOnboarding.ts">
        <metrics statements="54" coveredstatements="30" conditionals="18" coveredconditionals="5" methods="17" coveredmethods="9"/>
        <line num="15" count="15" type="stmt"/>
        <line num="16" count="15" type="stmt"/>
        <line num="17" count="15" type="stmt"/>
        <line num="18" count="15" type="stmt"/>
        <line num="20" count="15" type="stmt"/>
        <line num="21" count="6" type="stmt"/>
        <line num="22" count="6" type="stmt"/>
        <line num="23" count="6" type="stmt"/>
        <line num="24" count="6" type="cond" truecount="2" falsecount="0"/>
        <line num="25" count="5" type="cond" truecount="1" falsecount="1"/>
        <line num="26" count="0" type="stmt"/>
        <line num="27" count="0" type="stmt"/>
        <line num="29" count="5" type="stmt"/>
        <line num="30" count="5" type="cond" truecount="1" falsecount="1"/>
        <line num="31" count="5" type="cond" truecount="1" falsecount="1"/>
        <line num="32" count="5" type="stmt"/>
        <line num="34" count="6" type="stmt"/>
        <line num="37" count="15" type="stmt"/>
        <line num="38" count="15" type="stmt"/>
        <line num="40" count="15" type="stmt"/>
        <line num="41" count="3" type="stmt"/>
        <line num="42" count="3" type="stmt"/>
        <line num="43" count="3" type="stmt"/>
        <line num="44" count="3" type="stmt"/>
        <line num="48" count="15" type="stmt"/>
        <line num="49" count="0" type="stmt"/>
        <line num="50" count="0" type="cond" truecount="0" falsecount="2"/>
        <line num="51" count="0" type="stmt"/>
        <line num="52" count="0" type="stmt"/>
        <line num="53" count="0" type="stmt"/>
        <line num="54" count="0" type="stmt"/>
        <line num="56" count="0" type="stmt"/>
        <line num="60" count="15" type="stmt"/>
        <line num="61" count="15" type="stmt"/>
        <line num="62" count="15" type="stmt"/>
        <line num="64" count="15" type="stmt"/>
        <line num="66" count="0" type="cond" truecount="0" falsecount="2"/>
        <line num="67" count="0" type="stmt"/>
        <line num="68" count="0" type="stmt"/>
        <line num="69" count="0" type="cond" truecount="0" falsecount="2"/>
        <line num="70" count="0" type="stmt"/>
        <line num="71" count="0" type="stmt"/>
        <line num="72" count="0" type="cond" truecount="0" falsecount="2"/>
        <line num="78" count="0" type="cond" truecount="0" falsecount="2"/>
        <line num="79" count="0" type="stmt"/>
        <line num="82" count="15" type="stmt"/>
        <line num="83" count="0" type="stmt"/>
        <line num="84" count="0" type="stmt"/>
        <line num="87" count="15" type="stmt"/>
        <line num="88" count="0" type="stmt"/>
        <line num="89" count="0" type="stmt"/>
        <line num="90" count="0" type="stmt"/>
        <line num="91" count="0" type="stmt"/>
        <line num="94" count="15" type="stmt"/>
      </file>
    </package>
    <package name="lib">
      <metrics statements="246" coveredstatements="154" conditionals="190" coveredconditionals="119" methods="61" coveredmethods="39"/>
      <file name="connection-manager.ts" path="C:\Users\sandra\Documents\N0\p31-buffer\apps\web\src\lib\connection-manager.ts">
        <metrics statements="148" coveredstatements="67" conditionals="84" coveredconditionals="41" methods="45" coveredmethods="23"/>
        <line num="38" count="1" type="stmt"/>
        <line num="48" count="20" type="stmt"/>
        <line num="78" count="1" type="stmt"/>
        <line num="86" count="1" type="stmt"/>
        <line num="99" count="9" type="stmt"/>
        <line num="100" count="9" type="stmt"/>
        <line num="101" count="9" type="stmt"/>
        <line num="102" count="9" type="stmt"/>
        <line num="103" count="9" type="stmt"/>
        <line num="104" count="8" type="stmt"/>
        <line num="105" count="8" type="stmt"/>
        <line num="107" count="1" type="stmt"/>
        <line num="108" count="1" type="cond" truecount="1" falsecount="1"/>
        <line num="115" count="0" type="stmt"/>
        <line num="116" count="0" type="stmt"/>
        <line num="117" count="0" type="stmt"/>
        <line num="118" count="0" type="stmt"/>
        <line num="119" count="0" type="stmt"/>
        <line num="120" count="0" type="stmt"/>
        <line num="121" count="0" type="stmt"/>
        <line num="123" count="0" type="stmt"/>
        <line num="124" count="0" type="stmt"/>
        <line num="126" count="0" type="stmt"/>
        <line num="127" count="0" type="stmt"/>
        <line num="133" count="3" type="stmt"/>
        <line num="134" count="3" type="stmt"/>
        <line num="135" count="3" type="stmt"/>
        <line num="136" count="3" type="stmt"/>
        <line num="137" count="3" type="stmt"/>
        <line num="140" count="0" type="stmt"/>
        <line num="141" count="0" type="stmt"/>
        <line num="152" count="20" type="stmt"/>
        <line num="153" count="20" type="stmt"/>
        <line num="154" count="20" type="stmt"/>
        <line num="157" count="20" type="stmt"/>
        <line num="158" count="20" type="stmt"/>
        <line num="163" count="31" type="stmt"/>
        <line num="164" count="26" type="stmt"/>
        <line num="167" count="26" type="stmt"/>
        <line num="168" count="26" type="cond" truecount="1" falsecount="1"/>
        <line num="169" count="26" type="stmt"/>
        <line num="170" count="26" type="stmt"/>
        <line num="177" count="3" type="stmt"/>
        <line num="178" count="3" type="stmt"/>
        <line num="179" count="3" type="stmt"/>
        <line num="183" count="26" type="stmt"/>
        <line num="184" count="26" type="stmt"/>
        <line num="190" count="0" type="stmt"/>
        <line num="201" count="13" type="cond" truecount="4" falsecount="2"/>
        <line num="203" count="7" type="stmt"/>
        <line num="204" count="7" type="stmt"/>
        <line num="205" count="7" type="cond" truecount="2" falsecount="0"/>
        <line num="206" count="7" type="stmt"/>
        <line num="209" count="0" type="stmt"/>
        <line num="210" count="0" type="stmt"/>
        <line num="211" count="0" type="cond" truecount="0" falsecount="2"/>
        <line num="212" count="0" type="stmt"/>
        <line num="215" count="2" type="stmt"/>
        <line num="216" count="2" type="stmt"/>
        <line num="217" count="2" type="cond" truecount="1" falsecount="1"/>
        <line num="218" count="2" type="stmt"/>
        <line num="221" count="1" type="stmt"/>
        <line num="222" count="1" type="stmt"/>
        <line num="226" count="1" type="stmt"/>
        <line num="229" count="0" type="cond" truecount="0" falsecount="2"/>
        <line num="230" count="0" type="cond" truecount="0" falsecount="2"/>
        <line num="231" count="0" type="stmt"/>
        <line num="232" count="0" type="stmt"/>
        <line num="233" count="0" type="cond" truecount="0" falsecount="2"/>
        <line num="234" count="0" type="stmt"/>
        <line num="237" count="3" type="stmt"/>
        <line num="238" count="3" type="stmt"/>
        <line num="239" count="3" type="cond" truecount="1" falsecount="1"/>
        <line num="240" count="3" type="stmt"/>
        <line num="248" count="0" type="cond" truecount="0" falsecount="2"/>
        <line num="249" count="0" type="stmt"/>
        <line num="251" count="0" type="stmt"/>
        <line num="252" count="0" type="stmt"/>
        <line num="253" count="0" type="stmt"/>
        <line num="254" count="0" type="stmt"/>
        <line num="255" count="0" type="stmt"/>
        <line num="256" count="0" type="stmt"/>
        <line num="257" count="0" type="stmt"/>
        <line num="260" count="0" type="stmt"/>
        <line num="261" count="0" type="stmt"/>
        <line num="262" count="0" type="stmt"/>
        <line num="263" count="0" type="cond" truecount="0" falsecount="2"/>
        <line num="266" count="0" type="stmt"/>
        <line num="268" count="0" type="stmt"/>
        <line num="269" count="0" type="stmt"/>
        <line num="274" count="0" type="cond" truecount="0" falsecount="2"/>
        <line num="275" count="0" type="stmt"/>
        <line num="276" count="0" type="stmt"/>
        <line num="278" count="0" type="stmt"/>
        <line num="279" count="0" type="stmt"/>
        <line num="280" count="0" type="stmt"/>
        <line num="281" count="0" type="stmt"/>
        <line num="282" count="0" type="stmt"/>
        <line num="283" count="0" type="stmt"/>
        <line num="284" count="0" type="stmt"/>
        <line num="285" count="0" type="stmt"/>
        <line num="286" count="0" type="stmt"/>
        <line num="288" count="0" type="stmt"/>
        <line num="289" count="0" type="cond" truecount="0" falsecount="2"/>
        <line num="290" count="0" type="stmt"/>
        <line num="295" count="0" type="stmt"/>
        <line num="296" count="0" type="cond" truecount="0" falsecount="2"/>
        <line num="297" count="0" type="stmt"/>
        <line num="298" count="0" type="stmt"/>
        <line num="299" count="0" type="stmt"/>
        <line num="300" count="0" type="cond" truecount="0" falsecount="2"/>
        <line num="301" count="0" type="stmt"/>
        <line num="302" count="0" type="stmt"/>
        <line num="303" count="0" type="stmt"/>
        <line num="305" count="0" type="stmt"/>
        <line num="306" count="0" type="stmt"/>
        <line num="308" count="0" type="stmt"/>
        <line num="309" count="0" type="stmt"/>
        <line num="310" count="0" type="stmt"/>
        <line num="317" count="0" type="stmt"/>
        <line num="318" count="0" type="stmt"/>
        <line num="319" count="0" type="stmt"/>
        <line num="320" count="0" type="stmt"/>
        <line num="321" count="0" type="cond" truecount="0" falsecount="2"/>
        <line num="322" count="0" type="cond" truecount="0" falsecount="2"/>
        <line num="327" count="0" type="cond" truecount="0" falsecount="2"/>
        <line num="331" count="0" type="stmt"/>
        <line num="332" count="0" type="cond" truecount="0" falsecount="2"/>
        <line num="333" count="0" type="stmt"/>
        <line num="338" count="9" type="stmt"/>
        <line num="339" count="5" type="stmt"/>
        <line num="340" count="0" type="stmt"/>
        <line num="341" count="0" type="stmt"/>
        <line num="342" count="4" type="stmt"/>
        <line num="345" count="5" type="cond" truecount="5" falsecount="0"/>
        <line num="346" count="4" type="cond" truecount="2" falsecount="0"/>
        <line num="347" count="3" type="cond" truecount="4" falsecount="0"/>
        <line num="348" count="2" type="stmt"/>
        <line num="352" count="1" type="stmt"/>
        <line num="358" count="1" type="stmt"/>
        <line num="362" count="6" type="cond" truecount="1" falsecount="1"/>
        <line num="365" count="1" type="stmt"/>
        <line num="368" count="1" type="stmt"/>
        <line num="369" count="1" type="cond" truecount="1" falsecount="1"/>
        <line num="370" count="1" type="cond" truecount="1" falsecount="1"/>
        <line num="371" count="1" type="cond" truecount="1" falsecount="1"/>
        <line num="372" count="1" type="cond" truecount="1" falsecount="1"/>
        <line num="377" count="1" type="stmt"/>
      </file>
      <file name="design-tokens.ts" path="C:\Users\sandra\Documents\N0\p31-buffer\apps\web\src\lib\design-tokens.ts">
        <metrics statements="11" coveredstatements="11" conditionals="0" coveredconditionals="0" methods="0" coveredmethods="0"/>
        <line num="6" count="1" type="stmt"/>
        <line num="42" count="1" type="stmt"/>
        <line num="71" count="1" type="stmt"/>
        <line num="83" count="1" type="stmt"/>
        <line num="88" count="1" type="stmt"/>
        <line num="94" count="1" type="stmt"/>
        <line num="98" count="1" type="stmt"/>
        <line num="104" count="1" type="stmt"/>
        <line num="114" count="1" type="stmt"/>
        <line num="125" count="1" type="stmt"/>
        <line num="133" count="1" type="stmt"/>
      </file>
      <file name="intake-schema.ts" path="C:\Users\sandra\Documents\N0\p31-buffer\apps\web\src\lib\intake-schema.ts">
        <metrics statements="1" coveredstatements="1" conditionals="0" coveredconditionals="0" methods="0" coveredmethods="0"/>
        <line num="39" count="3" type="stmt"/>
      </file>
      <file name="intake-to-graph.ts" path="C:\Users\sandra\Documents\N0\p31-buffer\apps\web\src\lib\intake-to-graph.ts">
        <metrics statements="74" coveredstatements="63" conditionals="96" coveredconditionals="70" methods="10" coveredmethods="10"/>
        <line num="10" count="295" type="cond" truecount="5" falsecount="0"/>
        <line num="11" count="24" type="cond" truecount="4" falsecount="0"/>
        <line num="13" count="23" type="stmt"/>
        <line num="14" count="23" type="stmt"/>
        <line num="16" count="23" type="stmt"/>
        <line num="38" count="14" type="stmt"/>
        <line num="39" count="14" type="stmt"/>
        <line num="41" count="14" type="stmt"/>
        <line num="42" count="56" type="stmt"/>
        <line num="44" count="56" type="stmt"/>
        <line num="45" count="280" type="stmt"/>
        <line num="46" count="280" type="stmt"/>
        <line num="47" count="280" type="stmt"/>
        <line num="48" count="280" type="cond" truecount="2" falsecount="0"/>
        <line num="49" count="11" type="stmt"/>
        <line num="50" count="11" type="stmt"/>
        <line num="54" count="56" type="stmt"/>
        <line num="55" count="2" type="stmt"/>
        <line num="63" count="14" type="stmt"/>
        <line num="73" count="14" type="stmt"/>
        <line num="74" count="98" type="cond" truecount="4" falsecount="0"/>
        <line num="75" count="2" type="stmt"/>
        <line num="79" count="14" type="stmt"/>
        <line num="83" count="23" type="stmt"/>
        <line num="84" count="23" type="cond" truecount="1" falsecount="1"/>
        <line num="85" count="23" type="stmt"/>
        <line num="87" count="23" type="cond" truecount="4" falsecount="2"/>
        <line num="89" count="10" type="cond" truecount="1" falsecount="1"/>
        <line num="90" count="10" type="cond" truecount="1" falsecount="1"/>
        <line num="91" count="10" type="stmt"/>
        <line num="92" count="10" type="cond" truecount="2" falsecount="0"/>
        <line num="93" count="10" type="stmt"/>
        <line num="96" count="3" type="cond" truecount="5" falsecount="1"/>
        <line num="97" count="3" type="stmt"/>
        <line num="99" count="3" type="cond" truecount="1" falsecount="1"/>
        <line num="100" count="3" type="cond" truecount="1" falsecount="1"/>
        <line num="101" count="3" type="stmt"/>
        <line num="102" count="3" type="cond" truecount="3" falsecount="1"/>
        <line num="103" count="3" type="cond" truecount="3" falsecount="1"/>
        <line num="104" count="3" type="stmt"/>
        <line num="107" count="0" type="cond" truecount="0" falsecount="2"/>
        <line num="108" count="0" type="cond" truecount="0" falsecount="2"/>
        <line num="109" count="0" type="cond" truecount="0" falsecount="2"/>
        <line num="110" count="0" type="cond" truecount="0" falsecount="2"/>
        <line num="111" count="0" type="stmt"/>
        <line num="114" count="0" type="stmt"/>
        <line num="115" count="0" type="stmt"/>
        <line num="117" count="7" type="stmt"/>
        <line num="119" count="23" type="stmt"/>
        <line num="123" count="23" type="stmt"/>
        <line num="124" count="23" type="stmt"/>
        <line num="125" count="69" type="stmt"/>
        <line num="126" count="23" type="cond" truecount="3" falsecount="2"/>
        <line num="127" count="14" type="stmt"/>
        <line num="128" count="8" type="stmt"/>
        <line num="129" count="1" type="stmt"/>
        <line num="130" count="0" type="stmt"/>
        <line num="131" count="0" type="stmt"/>
        <line num="145" count="20" type="stmt"/>
        <line num="156" count="20" type="cond" truecount="4" falsecount="0"/>
        <line num="157" count="19" type="cond" truecount="1" falsecount="1"/>
        <line num="158" count="19" type="cond" truecount="4" falsecount="0"/>
        <line num="159" count="18" type="cond" truecount="2" falsecount="0"/>
        <line num="160" count="17" type="stmt"/>
        <line num="164" count="20" type="stmt"/>
        <line num="165" count="20" type="stmt"/>
        <line num="166" count="20" type="cond" truecount="2" falsecount="0"/>
        <line num="167" count="3" type="cond" truecount="2" falsecount="0"/>
        <line num="168" count="2" type="stmt"/>
        <line num="170" count="19" type="cond" truecount="2" falsecount="2"/>
        <line num="171" count="0" type="stmt"/>
        <line num="173" count="19" type="cond" truecount="2" falsecount="2"/>
        <line num="174" count="0" type="stmt"/>
        <line num="176" count="19" type="stmt"/>
      </file>
      <file name="onboarding-store.ts" path="C:\Users\sandra\Documents\N0\p31-buffer\apps\web\src\lib\onboarding-store.ts">
        <metrics statements="12" coveredstatements="12" conditionals="10" coveredconditionals="8" methods="6" coveredmethods="6"/>
        <line num="21" count="2" type="stmt"/>
        <line num="22" count="2" type="stmt"/>
        <line num="28" count="2" type="stmt"/>
        <line num="31" count="7" type="stmt"/>
        <line num="39" count="9" type="stmt"/>
        <line num="40" count="9" type="cond" truecount="2" falsecount="0"/>
        <line num="49" count="4" type="stmt"/>
        <line num="59" count="4" type="stmt"/>
        <line num="63" count="8" type="stmt"/>
        <line num="67" count="8" type="stmt"/>
        <line num="71" count="2" type="stmt"/>
        <line num="75" count="2" type="cond" truecount="2" falsecount="2"/>
      </file>
    </package>
  </project>
</coverage>
