{"C:\\Users\\sandra\\Documents\\N0\\p31-buffer\\apps\\web\\src\\hooks\\useOnboarding.ts": {"path":"C:\\Users\\sandra\\Documents\\N0\\p31-buffer\\apps\\web\\src\\hooks\\useOnboarding.ts","statementMap":{"0":{"start":{"line":15,"column":24},"end":{"line":15,"column":null}},"1":{"start":{"line":16,"column":34},"end":{"line":16,"column":null}},"2":{"start":{"line":17,"column":40},"end":{"line":17,"column":null}},"3":{"start":{"line":18,"column":32},"end":{"line":18,"column":null}},"4":{"start":{"line":20,"column":2},"end":{"line":35,"column":null}},"5":{"start":{"line":21,"column":20},"end":{"line":21,"column":null}},"6":{"start":{"line":22,"column":4},"end":{"line":33,"column":null}},"7":{"start":{"line":23,"column":19},"end":{"line":23,"column":null}},"8":{"start":{"line":24,"column":6},"end":{"line":24,"column":null}},"9":{"start":{"line":24,"column":21},"end":{"line":24,"column":null}},"10":{"start":{"line":25,"column":6},"end":{"line":28,"column":null}},"11":{"start":{"line":26,"column":8},"end":{"line":26,"column":null}},"12":{"start":{"line":27,"column":8},"end":{"line":27,"column":null}},"13":{"start":{"line":29,"column":20},"end":{"line":29,"column":null}},"14":{"start":{"line":30,"column":6},"end":{"line":30,"column":null}},"15":{"start":{"line":30,"column":21},"end":{"line":30,"column":null}},"16":{"start":{"line":31,"column":6},"end":{"line":31,"column":null}},"17":{"start":{"line":31,"column":17},"end":{"line":31,"column":null}},"18":{"start":{"line":32,"column":6},"end":{"line":32,"column":null}},"19":{"start":{"line":34,"column":4},"end":{"line":34,"column":null}},"20":{"start":{"line":34,"column":19},"end":{"line":34,"column":37}},"21":{"start":{"line":37,"column":8},"end":{"line":37,"column":null}},"22":{"start":{"line":37,"column":38},"end":{"line":37,"column":71}},"23":{"start":{"line":38,"column":8},"end":{"line":38,"column":null}},"24":{"start":{"line":38,"column":43},"end":{"line":38,"column":81}},"25":{"start":{"line":40,"column":8},"end":{"line":46,"column":null}},"26":{"start":{"line":41,"column":4},"end":{"line":45,"column":null}},"27":{"start":{"line":42,"column":19},"end":{"line":42,"column":null}},"28":{"start":{"line":43,"column":6},"end":{"line":43,"column":null}},"29":{"start":{"line":44,"column":6},"end":{"line":44,"column":null}},"30":{"start":{"line":48,"column":8},"end":{"line":58,"column":null}},"31":{"start":{"line":49,"column":20},"end":{"line":49,"column":null}},"32":{"start":{"line":50,"column":4},"end":{"line":57,"column":null}},"33":{"start":{"line":51,"column":22},"end":{"line":55,"column":null}},"34":{"start":{"line":52,"column":24},"end":{"line":52,"column":null}},"35":{"start":{"line":53,"column":8},"end":{"line":53,"column":null}},"36":{"start":{"line":54,"column":8},"end":{"line":54,"column":null}},"37":{"start":{"line":56,"column":6},"end":{"line":56,"column":null}},"38":{"start":{"line":60,"column":8},"end":{"line":60,"column":null}},"39":{"start":{"line":60,"column":39},"end":{"line":60,"column":59}},"40":{"start":{"line":61,"column":8},"end":{"line":61,"column":null}},"41":{"start":{"line":61,"column":40},"end":{"line":61,"column":60}},"42":{"start":{"line":62,"column":8},"end":{"line":62,"column":null}},"43":{"start":{"line":62,"column":41},"end":{"line":62,"column":61}},"44":{"start":{"line":64,"column":8},"end":{"line":80,"column":null}},"45":{"start":{"line":66,"column":4},"end":{"line":77,"column":null}},"46":{"start":{"line":67,"column":6},"end":{"line":76,"column":null}},"47":{"start":{"line":68,"column":26},"end":{"line":68,"column":null}},"48":{"start":{"line":69,"column":8},"end":{"line":73,"column":null}},"49":{"start":{"line":70,"column":23},"end":{"line":70,"column":null}},"50":{"start":{"line":71,"column":10},"end":{"line":71,"column":null}},"51":{"start":{"line":72,"column":10},"end":{"line":72,"column":null}},"52":{"start":{"line":78,"column":4},"end":{"line":78,"column":null}},"53":{"start":{"line":79,"column":4},"end":{"line":79,"column":null}},"54":{"start":{"line":82,"column":8},"end":{"line":85,"column":null}},"55":{"start":{"line":83,"column":4},"end":{"line":83,"column":null}},"56":{"start":{"line":84,"column":4},"end":{"line":84,"column":null}},"57":{"start":{"line":87,"column":8},"end":{"line":92,"column":null}},"58":{"start":{"line":88,"column":4},"end":{"line":88,"column":null}},"59":{"start":{"line":89,"column":4},"end":{"line":89,"column":null}},"60":{"start":{"line":90,"column":4},"end":{"line":90,"column":null}},"61":{"start":{"line":91,"column":4},"end":{"line":91,"column":null}},"62":{"start":{"line":94,"column":2},"end":{"line":110,"column":null}}},"fnMap":{"0":{"name":"useOnboarding","decl":{"start":{"line":14,"column":16},"end":{"line":14,"column":32}},"loc":{"start":{"line":14,"column":32},"end":{"line":111,"column":null}},"line":14},"1":{"name":"(anonymous_1)","decl":{"start":{"line":20,"column":12},"end":{"line":20,"column":18}},"loc":{"start":{"line":20,"column":18},"end":{"line":35,"column":5}},"line":20},"2":{"name":"(anonymous_2)","decl":{"start":{"line":22,"column":5},"end":{"line":22,"column":17}},"loc":{"start":{"line":22,"column":17},"end":{"line":33,"column":7}},"line":22},"3":{"name":"(anonymous_3)","decl":{"start":{"line":34,"column":11},"end":{"line":34,"column":17}},"loc":{"start":{"line":34,"column":17},"end":{"line":34,"column":null}},"line":34},"4":{"name":"(anonymous_4)","decl":{"start":{"line":37,"column":38},"end":{"line":37,"column":44}},"loc":{"start":{"line":37,"column":38},"end":{"line":37,"column":71}},"line":37},"5":{"name":"(anonymous_5)","decl":{"start":{"line":38,"column":43},"end":{"line":38,"column":49}},"loc":{"start":{"line":38,"column":43},"end":{"line":38,"column":81}},"line":38},"6":{"name":"(anonymous_6)","decl":{"start":{"line":40,"column":34},"end":{"line":40,"column":35}},"loc":{"start":{"line":40,"column":71},"end":{"line":46,"column":5}},"line":40},"7":{"name":"(anonymous_7)","decl":{"start":{"line":41,"column":18},"end":{"line":41,"column":26}},"loc":{"start":{"line":41,"column":26},"end":{"line":45,"column":5}},"line":41},"8":{"name":"(anonymous_8)","decl":{"start":{"line":43,"column":31},"end":{"line":43,"column":37}},"loc":{"start":{"line":43,"column":37},"end":{"line":43,"column":39}},"line":43},"9":{"name":"(anonymous_9)","decl":{"start":{"line":48,"column":36},"end":{"line":48,"column":48}},"loc":{"start":{"line":48,"column":48},"end":{"line":58,"column":5}},"line":48},"10":{"name":"(anonymous_10)","decl":{"start":{"line":51,"column":22},"end":{"line":51,"column":23}},"loc":{"start":{"line":51,"column":36},"end":{"line":55,"column":null}},"line":51},"11":{"name":"(anonymous_11)","decl":{"start":{"line":60,"column":33},"end":{"line":60,"column":39}},"loc":{"start":{"line":60,"column":39},"end":{"line":60,"column":59}},"line":60},"12":{"name":"(anonymous_12)","decl":{"start":{"line":61,"column":34},"end":{"line":61,"column":40}},"loc":{"start":{"line":61,"column":40},"end":{"line":61,"column":60}},"line":61},"13":{"name":"(anonymous_13)","decl":{"start":{"line":62,"column":35},"end":{"line":62,"column":41}},"loc":{"start":{"line":62,"column":41},"end":{"line":62,"column":61}},"line":62},"14":{"name":"(anonymous_14)","decl":{"start":{"line":64,"column":38},"end":{"line":64,"column":50}},"loc":{"start":{"line":64,"column":50},"end":{"line":80,"column":5}},"line":64},"15":{"name":"(anonymous_15)","decl":{"start":{"line":82,"column":42},"end":{"line":82,"column":54}},"loc":{"start":{"line":82,"column":54},"end":{"line":85,"column":5}},"line":82},"16":{"name":"(anonymous_16)","decl":{"start":{"line":87,"column":38},"end":{"line":87,"column":44}},"loc":{"start":{"line":87,"column":44},"end":{"line":92,"column":5}},"line":87}},"branchMap":{"0":{"loc":{"start":{"line":24,"column":6},"end":{"line":24,"column":null}},"type":"if","locations":[{"start":{"line":24,"column":6},"end":{"line":24,"column":null}},{"start":{},"end":{}}],"line":24},"1":{"loc":{"start":{"line":25,"column":6},"end":{"line":28,"column":null}},"type":"if","locations":[{"start":{"line":25,"column":6},"end":{"line":28,"column":null}},{"start":{},"end":{}}],"line":25},"2":{"loc":{"start":{"line":30,"column":6},"end":{"line":30,"column":null}},"type":"if","locations":[{"start":{"line":30,"column":6},"end":{"line":30,"column":null}},{"start":{},"end":{}}],"line":30},"3":{"loc":{"start":{"line":31,"column":6},"end":{"line":31,"column":null}},"type":"if","locations":[{"start":{"line":31,"column":6},"end":{"line":31,"column":null}},{"start":{},"end":{}}],"line":31},"4":{"loc":{"start":{"line":50,"column":4},"end":{"line":57,"column":null}},"type":"if","locations":[{"start":{"line":50,"column":4},"end":{"line":57,"column":null}},{"start":{},"end":{}}],"line":50},"5":{"loc":{"start":{"line":66,"column":4},"end":{"line":77,"column":null}},"type":"if","locations":[{"start":{"line":66,"column":4},"end":{"line":77,"column":null}},{"start":{},"end":{}}],"line":66},"6":{"loc":{"start":{"line":69,"column":8},"end":{"line":73,"column":null}},"type":"if","locations":[{"start":{"line":69,"column":8},"end":{"line":73,"column":null}},{"start":{},"end":{}}],"line":69},"7":{"loc":{"start":{"line":72,"column":23},"end":{"line":72,"column":34}},"type":"binary-expr","locations":[{"start":{"line":72,"column":23},"end":{"line":72,"column":30}},{"start":{"line":72,"column":30},"end":{"line":72,"column":34}}],"line":72},"8":{"loc":{"start":{"line":78,"column":54},"end":{"line":78,"column":82}},"type":"binary-expr","locations":[{"start":{"line":78,"column":54},"end":{"line":78,"column":71}},{"start":{"line":78,"column":71},"end":{"line":78,"column":82}}],"line":78}},"s":{"0":15,"1":15,"2":15,"3":15,"4":15,"5":6,"6":6,"7":6,"8":6,"9":1,"10":5,"11":0,"12":0,"13":5,"14":5,"15":0,"16":5,"17":5,"18":5,"19":6,"20":6,"21":15,"22":9,"23":15,"24":9,"25":15,"26":3,"27":3,"28":3,"29":3,"30":15,"31":0,"32":0,"33":0,"34":0,"35":0,"36":0,"37":0,"38":15,"39":1,"40":15,"41":0,"42":15,"43":0,"44":15,"45":0,"46":0,"47":0,"48":0,"49":0,"50":0,"51":0,"52":0,"53":0,"54":15,"55":0,"56":0,"57":15,"58":0,"59":0,"60":0,"61":0,"62":15},"f":{"0":15,"1":6,"2":6,"3":6,"4":9,"5":9,"6":3,"7":3,"8":0,"9":0,"10":0,"11":1,"12":0,"13":0,"14":0,"15":0,"16":0},"b":{"0":[1,5],"1":[0,5],"2":[0,5],"3":[0,5],"4":[0,0],"5":[0,0],"6":[0,0],"7":[0,0],"8":[0,0]},"meta":{"lastBranch":9,"lastFunction":17,"lastStatement":63,"seen":{"f:14:16:14:32":0,"s:15:24:15:Infinity":0,"s:16:34:16:Infinity":1,"s:17:40:17:Infinity":2,"s:18:32:18:Infinity":3,"s:20:2:35:Infinity":4,"f:20:12:20:18":1,"s:21:20:21:Infinity":5,"s:22:4:33:Infinity":6,"f:22:5:22:17":2,"s:23:19:23:Infinity":7,"b:24:6:24:Infinity:undefined:undefined:undefined:undefined":0,"s:24:6:24:Infinity":8,"s:24:21:24:Infinity":9,"b:25:6:28:Infinity:undefined:undefined:undefined:undefined":1,"s:25:6:28:Infinity":10,"s:26:8:26:Infinity":11,"s:27:8:27:Infinity":12,"s:29:20:29:Infinity":13,"b:30:6:30:Infinity:undefined:undefined:undefined:undefined":2,"s:30:6:30:Infinity":14,"s:30:21:30:Infinity":15,"b:31:6:31:Infinity:undefined:undefined:undefined:undefined":3,"s:31:6:31:Infinity":16,"s:31:17:31:Infinity":17,"s:32:6:32:Infinity":18,"s:34:4:34:Infinity":19,"f:34:11:34:17":3,"s:34:19:34:37":20,"s:37:8:37:Infinity":21,"f:37:38:37:44":4,"s:37:38:37:71":22,"s:38:8:38:Infinity":23,"f:38:43:38:49":5,"s:38:43:38:81":24,"s:40:8:46:Infinity":25,"f:40:34:40:35":6,"s:41:4:45:Infinity":26,"f:41:18:41:26":7,"s:42:19:42:Infinity":27,"s:43:6:43:Infinity":28,"f:43:31:43:37":8,"s:44:6:44:Infinity":29,"s:48:8:58:Infinity":30,"f:48:36:48:48":9,"s:49:20:49:Infinity":31,"b:50:4:57:Infinity:undefined:undefined:undefined:undefined":4,"s:50:4:57:Infinity":32,"s:51:22:55:Infinity":33,"f:51:22:51:23":10,"s:52:24:52:Infinity":34,"s:53:8:53:Infinity":35,"s:54:8:54:Infinity":36,"s:56:6:56:Infinity":37,"s:60:8:60:Infinity":38,"f:60:33:60:39":11,"s:60:39:60:59":39,"s:61:8:61:Infinity":40,"f:61:34:61:40":12,"s:61:40:61:60":41,"s:62:8:62:Infinity":42,"f:62:35:62:41":13,"s:62:41:62:61":43,"s:64:8:80:Infinity":44,"f:64:38:64:50":14,"b:66:4:77:Infinity:undefined:undefined:undefined:undefined":5,"s:66:4:77:Infinity":45,"s:67:6:76:Infinity":46,"s:68:26:68:Infinity":47,"b:69:8:73:Infinity:undefined:undefined:undefined:undefined":6,"s:69:8:73:Infinity":48,"s:70:23:70:Infinity":49,"s:71:10:71:Infinity":50,"s:72:10:72:Infinity":51,"b:72:23:72:30:72:30:72:34":7,"s:78:4:78:Infinity":52,"b:78:54:78:71:78:71:78:82":8,"s:79:4:79:Infinity":53,"s:82:8:85:Infinity":54,"f:82:42:82:54":15,"s:83:4:83:Infinity":55,"s:84:4:84:Infinity":56,"s:87:8:92:Infinity":57,"f:87:38:87:44":16,"s:88:4:88:Infinity":58,"s:89:4:89:Infinity":59,"s:90:4:90:Infinity":60,"s:91:4:91:Infinity":61,"s:94:2:110:Infinity":62}}}
,"C:\\Users\\sandra\\Documents\\N0\\p31-buffer\\apps\\web\\src\\lib\\connection-manager.ts": {"path":"C:\\Users\\sandra\\Documents\\N0\\p31-buffer\\apps\\web\\src\\lib\\connection-manager.ts","statementMap":{"0":{"start":{"line":38,"column":41},"end":{"line":45,"column":null}},"1":{"start":{"line":48,"column":2},"end":{"line":73,"column":null}},"2":{"start":{"line":78,"column":60},"end":{"line":84,"column":null}},"3":{"start":{"line":86,"column":59},"end":{"line":92,"column":null}},"4":{"start":{"line":99,"column":16},"end":{"line":99,"column":null}},"5":{"start":{"line":100,"column":2},"end":{"line":109,"column":null}},"6":{"start":{"line":101,"column":23},"end":{"line":101,"column":null}},"7":{"start":{"line":102,"column":18},"end":{"line":102,"column":null}},"8":{"start":{"line":102,"column":35},"end":{"line":102,"column":55}},"9":{"start":{"line":103,"column":16},"end":{"line":103,"column":null}},"10":{"start":{"line":104,"column":4},"end":{"line":104,"column":null}},"11":{"start":{"line":105,"column":4},"end":{"line":105,"column":null}},"12":{"start":{"line":107,"column":16},"end":{"line":107,"column":null}},"13":{"start":{"line":108,"column":4},"end":{"line":108,"column":null}},"14":{"start":{"line":115,"column":16},"end":{"line":115,"column":null}},"15":{"start":{"line":116,"column":2},"end":{"line":129,"column":null}},"16":{"start":{"line":117,"column":4},"end":{"line":128,"column":null}},"17":{"start":{"line":118,"column":17},"end":{"line":118,"column":null}},"18":{"start":{"line":119,"column":20},"end":{"line":122,"column":null}},"19":{"start":{"line":120,"column":8},"end":{"line":120,"column":null}},"20":{"start":{"line":121,"column":8},"end":{"line":121,"column":null}},"21":{"start":{"line":123,"column":6},"end":{"line":123,"column":null}},"22":{"start":{"line":123,"column":26},"end":{"line":123,"column":47}},"23":{"start":{"line":123,"column":47},"end":{"line":123,"column":59}},"24":{"start":{"line":123,"column":59},"end":{"line":123,"column":130}},"25":{"start":{"line":124,"column":6},"end":{"line":124,"column":null}},"26":{"start":{"line":124,"column":27},"end":{"line":124,"column":48}},"27":{"start":{"line":124,"column":48},"end":{"line":124,"column":138}},"28":{"start":{"line":126,"column":18},"end":{"line":126,"column":null}},"29":{"start":{"line":127,"column":6},"end":{"line":127,"column":null}},"30":{"start":{"line":133,"column":2},"end":{"line":142,"column":null}},"31":{"start":{"line":134,"column":4},"end":{"line":138,"column":null}},"32":{"start":{"line":135,"column":18},"end":{"line":135,"column":null}},"33":{"start":{"line":136,"column":6},"end":{"line":136,"column":null}},"34":{"start":{"line":136,"column":30},"end":{"line":136,"column":50}},"35":{"start":{"line":136,"column":50},"end":{"line":136,"column":96}},"36":{"start":{"line":136,"column":96},"end":{"line":136,"column":119}},"37":{"start":{"line":137,"column":6},"end":{"line":137,"column":null}},"38":{"start":{"line":137,"column":26},"end":{"line":137,"column":null}},"39":{"start":{"line":140,"column":16},"end":{"line":140,"column":null}},"40":{"start":{"line":141,"column":4},"end":{"line":141,"column":null}},"41":{"start":{"line":152,"column":47},"end":{"line":152,"column":null}},"42":{"start":{"line":153,"column":66},"end":{"line":153,"column":null}},"43":{"start":{"line":154,"column":33},"end":{"line":154,"column":null}},"44":{"start":{"line":157,"column":4},"end":{"line":157,"column":null}},"45":{"start":{"line":158,"column":4},"end":{"line":158,"column":null}},"46":{"start":{"line":163,"column":48},"end":{"line":163,"column":79}},"47":{"start":{"line":164,"column":56},"end":{"line":164,"column":86}},"48":{"start":{"line":167,"column":20},"end":{"line":167,"column":null}},"49":{"start":{"line":168,"column":4},"end":{"line":171,"column":null}},"50":{"start":{"line":169,"column":6},"end":{"line":169,"column":null}},"51":{"start":{"line":170,"column":6},"end":{"line":170,"column":null}},"52":{"start":{"line":177,"column":4},"end":{"line":177,"column":null}},"53":{"start":{"line":178,"column":4},"end":{"line":178,"column":null}},"54":{"start":{"line":179,"column":4},"end":{"line":179,"column":null}},"55":{"start":{"line":179,"column":17},"end":{"line":179,"column":null}},"56":{"start":{"line":183,"column":21},"end":{"line":183,"column":null}},"57":{"start":{"line":184,"column":4},"end":{"line":184,"column":null}},"58":{"start":{"line":184,"column":33},"end":{"line":184,"column":45}},"59":{"start":{"line":190,"column":4},"end":{"line":197,"column":null}},"60":{"start":{"line":201,"column":4},"end":{"line":242,"column":null}},"61":{"start":{"line":203,"column":8},"end":{"line":203,"column":null}},"62":{"start":{"line":204,"column":18},"end":{"line":204,"column":null}},"63":{"start":{"line":205,"column":8},"end":{"line":205,"column":null}},"64":{"start":{"line":206,"column":8},"end":{"line":206,"column":null}},"65":{"start":{"line":209,"column":8},"end":{"line":209,"column":null}},"66":{"start":{"line":210,"column":18},"end":{"line":210,"column":null}},"67":{"start":{"line":211,"column":8},"end":{"line":211,"column":null}},"68":{"start":{"line":212,"column":8},"end":{"line":212,"column":null}},"69":{"start":{"line":215,"column":8},"end":{"line":215,"column":null}},"70":{"start":{"line":216,"column":18},"end":{"line":216,"column":null}},"71":{"start":{"line":217,"column":8},"end":{"line":217,"column":null}},"72":{"start":{"line":218,"column":8},"end":{"line":218,"column":null}},"73":{"start":{"line":221,"column":26},"end":{"line":221,"column":null}},"74":{"start":{"line":222,"column":8},"end":{"line":225,"column":null}},"75":{"start":{"line":226,"column":8},"end":{"line":226,"column":null}},"76":{"start":{"line":229,"column":26},"end":{"line":229,"column":null}},"77":{"start":{"line":230,"column":8},"end":{"line":230,"column":null}},"78":{"start":{"line":230,"column":26},"end":{"line":230,"column":103}},"79":{"start":{"line":230,"column":103},"end":{"line":230,"column":110}},"80":{"start":{"line":231,"column":8},"end":{"line":231,"column":null}},"81":{"start":{"line":232,"column":18},"end":{"line":232,"column":null}},"82":{"start":{"line":233,"column":8},"end":{"line":233,"column":null}},"83":{"start":{"line":234,"column":8},"end":{"line":234,"column":null}},"84":{"start":{"line":237,"column":8},"end":{"line":237,"column":null}},"85":{"start":{"line":238,"column":18},"end":{"line":238,"column":null}},"86":{"start":{"line":239,"column":8},"end":{"line":239,"column":null}},"87":{"start":{"line":240,"column":8},"end":{"line":240,"column":null}},"88":{"start":{"line":248,"column":4},"end":{"line":248,"column":null}},"89":{"start":{"line":248,"column":19},"end":{"line":248,"column":36}},"90":{"start":{"line":248,"column":36},"end":{"line":248,"column":52}},"91":{"start":{"line":249,"column":4},"end":{"line":249,"column":null}},"92":{"start":{"line":251,"column":4},"end":{"line":270,"column":null}},"93":{"start":{"line":252,"column":6},"end":{"line":252,"column":null}},"94":{"start":{"line":253,"column":6},"end":{"line":253,"column":null}},"95":{"start":{"line":253,"column":29},"end":{"line":253,"column":null}},"96":{"start":{"line":254,"column":6},"end":{"line":259,"column":null}},"97":{"start":{"line":255,"column":8},"end":{"line":258,"column":null}},"98":{"start":{"line":256,"column":23},"end":{"line":256,"column":null}},"99":{"start":{"line":257,"column":10},"end":{"line":257,"column":null}},"100":{"start":{"line":260,"column":6},"end":{"line":265,"column":null}},"101":{"start":{"line":261,"column":8},"end":{"line":261,"column":null}},"102":{"start":{"line":262,"column":8},"end":{"line":264,"column":null}},"103":{"start":{"line":263,"column":10},"end":{"line":263,"column":null}},"104":{"start":{"line":263,"column":64},"end":{"line":263,"column":null}},"105":{"start":{"line":266,"column":6},"end":{"line":266,"column":null}},"106":{"start":{"line":266,"column":30},"end":{"line":266,"column":null}},"107":{"start":{"line":268,"column":18},"end":{"line":268,"column":null}},"108":{"start":{"line":269,"column":6},"end":{"line":269,"column":null}},"109":{"start":{"line":274,"column":4},"end":{"line":277,"column":null}},"110":{"start":{"line":275,"column":6},"end":{"line":275,"column":null}},"111":{"start":{"line":276,"column":6},"end":{"line":276,"column":null}},"112":{"start":{"line":278,"column":4},"end":{"line":291,"column":null}},"113":{"start":{"line":279,"column":6},"end":{"line":279,"column":null}},"114":{"start":{"line":280,"column":18},"end":{"line":280,"column":null}},"115":{"start":{"line":281,"column":19},"end":{"line":281,"column":null}},"116":{"start":{"line":282,"column":6},"end":{"line":282,"column":null}},"117":{"start":{"line":283,"column":6},"end":{"line":283,"column":null}},"118":{"start":{"line":284,"column":7},"end":{"line":284,"column":null}},"119":{"start":{"line":285,"column":6},"end":{"line":285,"column":null}},"120":{"start":{"line":286,"column":6},"end":{"line":286,"column":null}},"121":{"start":{"line":288,"column":18},"end":{"line":288,"column":null}},"122":{"start":{"line":289,"column":6},"end":{"line":289,"column":null}},"123":{"start":{"line":290,"column":6},"end":{"line":290,"column":null}},"124":{"start":{"line":295,"column":22},"end":{"line":295,"column":null}},"125":{"start":{"line":296,"column":4},"end":{"line":296,"column":null}},"126":{"start":{"line":296,"column":21},"end":{"line":296,"column":89}},"127":{"start":{"line":296,"column":89},"end":{"line":296,"column":103}},"128":{"start":{"line":297,"column":4},"end":{"line":311,"column":null}},"129":{"start":{"line":298,"column":6},"end":{"line":298,"column":null}},"130":{"start":{"line":299,"column":23},"end":{"line":299,"column":null}},"131":{"start":{"line":300,"column":6},"end":{"line":304,"column":null}},"132":{"start":{"line":301,"column":8},"end":{"line":301,"column":null}},"133":{"start":{"line":302,"column":8},"end":{"line":302,"column":null}},"134":{"start":{"line":303,"column":8},"end":{"line":303,"column":null}},"135":{"start":{"line":305,"column":6},"end":{"line":305,"column":null}},"136":{"start":{"line":306,"column":6},"end":{"line":306,"column":null}},"137":{"start":{"line":308,"column":18},"end":{"line":308,"column":null}},"138":{"start":{"line":309,"column":6},"end":{"line":309,"column":null}},"139":{"start":{"line":310,"column":6},"end":{"line":310,"column":null}},"140":{"start":{"line":317,"column":4},"end":{"line":317,"column":null}},"141":{"start":{"line":318,"column":4},"end":{"line":323,"column":null}},"142":{"start":{"line":319,"column":18},"end":{"line":319,"column":null}},"143":{"start":{"line":320,"column":21},"end":{"line":320,"column":null}},"144":{"start":{"line":321,"column":6},"end":{"line":321,"column":null}},"145":{"start":{"line":321,"column":39},"end":{"line":321,"column":null}},"146":{"start":{"line":322,"column":6},"end":{"line":322,"column":null}},"147":{"start":{"line":322,"column":42},"end":{"line":322,"column":null}},"148":{"start":{"line":327,"column":4},"end":{"line":327,"column":null}},"149":{"start":{"line":327,"column":31},"end":{"line":327,"column":67}},"150":{"start":{"line":327,"column":67},"end":{"line":327,"column":95}},"151":{"start":{"line":331,"column":4},"end":{"line":331,"column":null}},"152":{"start":{"line":332,"column":4},"end":{"line":332,"column":null}},"153":{"start":{"line":332,"column":19},"end":{"line":332,"column":36}},"154":{"start":{"line":332,"column":36},"end":{"line":332,"column":52}},"155":{"start":{"line":333,"column":4},"end":{"line":333,"column":null}},"156":{"start":{"line":338,"column":28},"end":{"line":338,"column":83}},"157":{"start":{"line":339,"column":30},"end":{"line":339,"column":88}},"158":{"start":{"line":340,"column":31},"end":{"line":340,"column":89}},"159":{"start":{"line":341,"column":27},"end":{"line":341,"column":83}},"160":{"start":{"line":342,"column":33},"end":{"line":342,"column":90}},"161":{"start":{"line":345,"column":4},"end":{"line":345,"column":null}},"162":{"start":{"line":345,"column":64},"end":{"line":345,"column":null}},"163":{"start":{"line":346,"column":4},"end":{"line":346,"column":null}},"164":{"start":{"line":346,"column":23},"end":{"line":346,"column":null}},"165":{"start":{"line":347,"column":4},"end":{"line":347,"column":null}},"166":{"start":{"line":347,"column":47},"end":{"line":347,"column":null}},"167":{"start":{"line":348,"column":4},"end":{"line":348,"column":null}},"168":{"start":{"line":352,"column":19},"end":{"line":357,"column":null}},"169":{"start":{"line":358,"column":4},"end":{"line":358,"column":null}},"170":{"start":{"line":362,"column":12},"end":{"line":362,"column":15}},"171":{"start":{"line":362,"column":15},"end":{"line":362,"column":83}},"172":{"start":{"line":362,"column":44},"end":{"line":362,"column":79}},"173":{"start":{"line":362,"column":74},"end":{"line":362,"column":79}},"174":{"start":{"line":362,"column":83},"end":{"line":362,"column":null}},"175":{"start":{"line":365,"column":34},"end":{"line":365,"column":61}},"176":{"start":{"line":368,"column":4},"end":{"line":368,"column":null}},"177":{"start":{"line":369,"column":4},"end":{"line":369,"column":null}},"178":{"start":{"line":369,"column":22},"end":{"line":369,"column":null}},"179":{"start":{"line":370,"column":4},"end":{"line":370,"column":null}},"180":{"start":{"line":370,"column":21},"end":{"line":370,"column":null}},"181":{"start":{"line":371,"column":4},"end":{"line":371,"column":null}},"182":{"start":{"line":371,"column":25},"end":{"line":371,"column":null}},"183":{"start":{"line":372,"column":4},"end":{"line":372,"column":null}},"184":{"start":{"line":372,"column":23},"end":{"line":372,"column":null}},"185":{"start":{"line":377,"column":33},"end":{"line":377,"column":null}}},"fnMap":{"0":{"name":"createInitialState","decl":{"start":{"line":47,"column":9},"end":{"line":47,"column":28}},"loc":{"start":{"line":47,"column":84},"end":{"line":74,"column":null}},"line":47},"1":{"name":"probeHttp","decl":{"start":{"line":96,"column":15},"end":{"line":96,"column":null}},"loc":{"start":{"line":98,"column":61},"end":{"line":110,"column":null}},"line":98},"2":{"name":"(anonymous_2)","decl":{"start":{"line":102,"column":29},"end":{"line":102,"column":35}},"loc":{"start":{"line":102,"column":35},"end":{"line":102,"column":55}},"line":102},"3":{"name":"probeWebSocket","decl":{"start":{"line":112,"column":15},"end":{"line":112,"column":null}},"loc":{"start":{"line":114,"column":61},"end":{"line":130,"column":null}},"line":114},"4":{"name":"(anonymous_4)","decl":{"start":{"line":116,"column":21},"end":{"line":116,"column":22}},"loc":{"start":{"line":116,"column":34},"end":{"line":129,"column":3}},"line":116},"5":{"name":"(anonymous_5)","decl":{"start":{"line":119,"column":31},"end":{"line":119,"column":37}},"loc":{"start":{"line":119,"column":37},"end":{"line":122,"column":9}},"line":119},"6":{"name":"(anonymous_6)","decl":{"start":{"line":123,"column":18},"end":{"line":123,"column":24}},"loc":{"start":{"line":123,"column":24},"end":{"line":123,"column":null}},"line":123},"7":{"name":"(anonymous_7)","decl":{"start":{"line":124,"column":19},"end":{"line":124,"column":25}},"loc":{"start":{"line":124,"column":25},"end":{"line":124,"column":null}},"line":124},"8":{"name":"probeDexie","decl":{"start":{"line":132,"column":15},"end":{"line":132,"column":70}},"loc":{"start":{"line":132,"column":70},"end":{"line":143,"column":null}},"line":132},"9":{"name":"(anonymous_9)","decl":{"start":{"line":134,"column":23},"end":{"line":134,"column":24}},"loc":{"start":{"line":134,"column":36},"end":{"line":138,"column":5}},"line":134},"10":{"name":"(anonymous_10)","decl":{"start":{"line":136,"column":22},"end":{"line":136,"column":28}},"loc":{"start":{"line":136,"column":28},"end":{"line":136,"column":null}},"line":136},"11":{"name":"(anonymous_11)","decl":{"start":{"line":137,"column":20},"end":{"line":137,"column":26}},"loc":{"start":{"line":137,"column":26},"end":{"line":137,"column":null}},"line":137},"12":{"name":"(anonymous_12)","decl":{"start":{"line":156,"column":2},"end":{"line":156,"column":14}},"loc":{"start":{"line":156,"column":54},"end":{"line":159,"column":null}},"line":156},"13":{"name":"(anonymous_13)","decl":{"start":{"line":163,"column":2},"end":{"line":163,"column":46}},"loc":{"start":{"line":163,"column":46},"end":{"line":163,"column":null}},"line":163},"14":{"name":"(anonymous_14)","decl":{"start":{"line":164,"column":2},"end":{"line":164,"column":13}},"loc":{"start":{"line":164,"column":54},"end":{"line":164,"column":null}},"line":164},"15":{"name":"(anonymous_15)","decl":{"start":{"line":166,"column":10},"end":{"line":166,"column":17}},"loc":{"start":{"line":166,"column":62},"end":{"line":172,"column":null}},"line":166},"16":{"name":"(anonymous_16)","decl":{"start":{"line":176,"column":2},"end":{"line":176,"column":12}},"loc":{"start":{"line":176,"column":54},"end":{"line":180,"column":null}},"line":176},"17":{"name":"(anonymous_17)","decl":{"start":{"line":179,"column":11},"end":{"line":179,"column":17}},"loc":{"start":{"line":179,"column":17},"end":{"line":179,"column":null}},"line":179},"18":{"name":"(anonymous_18)","decl":{"start":{"line":182,"column":10},"end":{"line":182,"column":19}},"loc":{"start":{"line":182,"column":19},"end":{"line":185,"column":null}},"line":182},"19":{"name":"(anonymous_19)","decl":{"start":{"line":184,"column":27},"end":{"line":184,"column":33}},"loc":{"start":{"line":184,"column":33},"end":{"line":184,"column":45}},"line":184},"20":{"name":"(anonymous_20)","decl":{"start":{"line":189,"column":8},"end":{"line":189,"column":34}},"loc":{"start":{"line":189,"column":34},"end":{"line":198,"column":null}},"line":189},"21":{"name":"(anonymous_21)","decl":{"start":{"line":200,"column":8},"end":{"line":200,"column":21}},"loc":{"start":{"line":200,"column":51},"end":{"line":243,"column":null}},"line":200},"22":{"name":"(anonymous_22)","decl":{"start":{"line":247,"column":8},"end":{"line":247,"column":42}},"loc":{"start":{"line":247,"column":42},"end":{"line":271,"column":null}},"line":247},"23":{"name":"(anonymous_23)","decl":{"start":{"line":253,"column":23},"end":{"line":253,"column":29}},"loc":{"start":{"line":253,"column":29},"end":{"line":253,"column":null}},"line":253},"24":{"name":"(anonymous_24)","decl":{"start":{"line":254,"column":26},"end":{"line":254,"column":27}},"loc":{"start":{"line":254,"column":37},"end":{"line":259,"column":null}},"line":254},"25":{"name":"(anonymous_25)","decl":{"start":{"line":260,"column":24},"end":{"line":260,"column":30}},"loc":{"start":{"line":260,"column":30},"end":{"line":265,"column":null}},"line":260},"26":{"name":"(anonymous_26)","decl":{"start":{"line":262,"column":19},"end":{"line":262,"column":25}},"loc":{"start":{"line":262,"column":25},"end":{"line":264,"column":11}},"line":262},"27":{"name":"(anonymous_27)","decl":{"start":{"line":266,"column":24},"end":{"line":266,"column":30}},"loc":{"start":{"line":266,"column":30},"end":{"line":266,"column":null}},"line":266},"28":{"name":"(anonymous_28)","decl":{"start":{"line":273,"column":8},"end":{"line":273,"column":42}},"loc":{"start":{"line":273,"column":42},"end":{"line":292,"column":null}},"line":273},"29":{"name":"(anonymous_29)","decl":{"start":{"line":294,"column":8},"end":{"line":294,"column":40}},"loc":{"start":{"line":294,"column":40},"end":{"line":312,"column":null}},"line":294},"30":{"name":"(anonymous_30)","decl":{"start":{"line":316,"column":2},"end":{"line":316,"column":17}},"loc":{"start":{"line":316,"column":51},"end":{"line":324,"column":null}},"line":316},"31":{"name":"(anonymous_31)","decl":{"start":{"line":318,"column":38},"end":{"line":318,"column":44}},"loc":{"start":{"line":318,"column":44},"end":{"line":323,"column":7}},"line":318},"32":{"name":"(anonymous_32)","decl":{"start":{"line":326,"column":2},"end":{"line":326,"column":24}},"loc":{"start":{"line":326,"column":24},"end":{"line":328,"column":null}},"line":326},"33":{"name":"(anonymous_33)","decl":{"start":{"line":330,"column":2},"end":{"line":330,"column":21}},"loc":{"start":{"line":330,"column":21},"end":{"line":334,"column":null}},"line":330},"34":{"name":"(anonymous_34)","decl":{"start":{"line":338,"column":6},"end":{"line":338,"column":26}},"loc":{"start":{"line":338,"column":26},"end":{"line":338,"column":null}},"line":338},"35":{"name":"(anonymous_35)","decl":{"start":{"line":339,"column":6},"end":{"line":339,"column":28}},"loc":{"start":{"line":339,"column":28},"end":{"line":339,"column":null}},"line":339},"36":{"name":"(anonymous_36)","decl":{"start":{"line":340,"column":6},"end":{"line":340,"column":29}},"loc":{"start":{"line":340,"column":29},"end":{"line":340,"column":null}},"line":340},"37":{"name":"(anonymous_37)","decl":{"start":{"line":341,"column":6},"end":{"line":341,"column":25}},"loc":{"start":{"line":341,"column":25},"end":{"line":341,"column":null}},"line":341},"38":{"name":"(anonymous_38)","decl":{"start":{"line":342,"column":6},"end":{"line":342,"column":31}},"loc":{"start":{"line":342,"column":31},"end":{"line":342,"column":null}},"line":342},"39":{"name":"(anonymous_39)","decl":{"start":{"line":344,"column":6},"end":{"line":344,"column":54}},"loc":{"start":{"line":344,"column":54},"end":{"line":349,"column":null}},"line":344},"40":{"name":"(anonymous_40)","decl":{"start":{"line":351,"column":6},"end":{"line":351,"column":26}},"loc":{"start":{"line":351,"column":26},"end":{"line":359,"column":null}},"line":351},"41":{"name":"(anonymous_41)","decl":{"start":{"line":361,"column":6},"end":{"line":361,"column":31}},"loc":{"start":{"line":361,"column":31},"end":{"line":363,"column":null}},"line":361},"42":{"name":"(anonymous_42)","decl":{"start":{"line":362,"column":37},"end":{"line":362,"column":42}},"loc":{"start":{"line":362,"column":42},"end":{"line":362,"column":80}},"line":362},"43":{"name":"(anonymous_43)","decl":{"start":{"line":365,"column":2},"end":{"line":365,"column":32}},"loc":{"start":{"line":365,"column":32},"end":{"line":365,"column":null}},"line":365},"44":{"name":"(anonymous_44)","decl":{"start":{"line":367,"column":2},"end":{"line":367,"column":15}},"loc":{"start":{"line":367,"column":55},"end":{"line":373,"column":null}},"line":367}},"branchMap":{"0":{"loc":{"start":{"line":39,"column":22},"end":{"line":39,"column":null}},"type":"binary-expr","locations":[{"start":{"line":39,"column":22},"end":{"line":39,"column":67}},{"start":{"line":39,"column":67},"end":{"line":39,"column":null}}],"line":39},"1":{"loc":{"start":{"line":40,"column":22},"end":{"line":40,"column":null}},"type":"binary-expr","locations":[{"start":{"line":40,"column":22},"end":{"line":40,"column":67}},{"start":{"line":40,"column":67},"end":{"line":40,"column":null}}],"line":40},"2":{"loc":{"start":{"line":41,"column":22},"end":{"line":41,"column":null}},"type":"binary-expr","locations":[{"start":{"line":41,"column":22},"end":{"line":41,"column":67}},{"start":{"line":41,"column":67},"end":{"line":41,"column":null}}],"line":41},"3":{"loc":{"start":{"line":42,"column":22},"end":{"line":42,"column":null}},"type":"binary-expr","locations":[{"start":{"line":42,"column":22},"end":{"line":42,"column":67}},{"start":{"line":42,"column":67},"end":{"line":42,"column":null}}],"line":42},"4":{"loc":{"start":{"line":43,"column":22},"end":{"line":43,"column":null}},"type":"binary-expr","locations":[{"start":{"line":43,"column":22},"end":{"line":43,"column":67}},{"start":{"line":43,"column":67},"end":{"line":43,"column":null}}],"line":43},"5":{"loc":{"start":{"line":97,"column":15},"end":{"line":97,"column":34}},"type":"default-arg","locations":[{"start":{"line":97,"column":30},"end":{"line":97,"column":34}}],"line":97},"6":{"loc":{"start":{"line":97,"column":34},"end":{"line":97,"column":null}},"type":"default-arg","locations":[{"start":{"line":97,"column":54},"end":{"line":97,"column":null}}],"line":97},"7":{"loc":{"start":{"line":108,"column":79},"end":{"line":108,"column":108}},"type":"binary-expr","locations":[{"start":{"line":108,"column":79},"end":{"line":108,"column":94}},{"start":{"line":108,"column":94},"end":{"line":108,"column":108}}],"line":108},"8":{"loc":{"start":{"line":113,"column":15},"end":{"line":113,"column":null}},"type":"default-arg","locations":[{"start":{"line":113,"column":35},"end":{"line":113,"column":null}}],"line":113},"9":{"loc":{"start":{"line":156,"column":14},"end":{"line":156,"column":54}},"type":"default-arg","locations":[{"start":{"line":156,"column":50},"end":{"line":156,"column":54}}],"line":156},"10":{"loc":{"start":{"line":168,"column":4},"end":{"line":171,"column":null}},"type":"if","locations":[{"start":{"line":168,"column":4},"end":{"line":171,"column":null}},{"start":{},"end":{}}],"line":168},"11":{"loc":{"start":{"line":201,"column":4},"end":{"line":242,"column":null}},"type":"switch","locations":[{"start":{"line":202,"column":6},"end":{"line":207,"column":null}},{"start":{"line":208,"column":6},"end":{"line":213,"column":null}},{"start":{"line":214,"column":6},"end":{"line":219,"column":null}},{"start":{"line":220,"column":6},"end":{"line":227,"column":null}},{"start":{"line":228,"column":6},"end":{"line":235,"column":null}},{"start":{"line":236,"column":6},"end":{"line":241,"column":null}}],"line":201},"12":{"loc":{"start":{"line":205,"column":37},"end":{"line":205,"column":67}},"type":"cond-expr","locations":[{"start":{"line":205,"column":44},"end":{"line":205,"column":58}},{"start":{"line":205,"column":58},"end":{"line":205,"column":67}}],"line":205},"13":{"loc":{"start":{"line":211,"column":36},"end":{"line":211,"column":66}},"type":"cond-expr","locations":[{"start":{"line":211,"column":43},"end":{"line":211,"column":57}},{"start":{"line":211,"column":57},"end":{"line":211,"column":66}}],"line":211},"14":{"loc":{"start":{"line":217,"column":40},"end":{"line":217,"column":70}},"type":"cond-expr","locations":[{"start":{"line":217,"column":47},"end":{"line":217,"column":61}},{"start":{"line":217,"column":61},"end":{"line":217,"column":70}}],"line":217},"15":{"loc":{"start":{"line":223,"column":18},"end":{"line":223,"column":null}},"type":"cond-expr","locations":[{"start":{"line":223,"column":30},"end":{"line":223,"column":47}},{"start":{"line":223,"column":47},"end":{"line":223,"column":null}}],"line":223},"16":{"loc":{"start":{"line":224,"column":17},"end":{"line":224,"column":null}},"type":"cond-expr","locations":[{"start":{"line":224,"column":29},"end":{"line":224,"column":41}},{"start":{"line":224,"column":41},"end":{"line":224,"column":null}}],"line":224},"17":{"loc":{"start":{"line":229,"column":26},"end":{"line":229,"column":null}},"type":"binary-expr","locations":[{"start":{"line":229,"column":26},"end":{"line":229,"column":59}},{"start":{"line":229,"column":59},"end":{"line":229,"column":null}}],"line":229},"18":{"loc":{"start":{"line":230,"column":8},"end":{"line":230,"column":null}},"type":"if","locations":[{"start":{"line":230,"column":8},"end":{"line":230,"column":null}},{"start":{},"end":{}}],"line":230},"19":{"loc":{"start":{"line":233,"column":38},"end":{"line":233,"column":68}},"type":"cond-expr","locations":[{"start":{"line":233,"column":45},"end":{"line":233,"column":59}},{"start":{"line":233,"column":59},"end":{"line":233,"column":68}}],"line":233},"20":{"loc":{"start":{"line":239,"column":39},"end":{"line":239,"column":69}},"type":"cond-expr","locations":[{"start":{"line":239,"column":46},"end":{"line":239,"column":60}},{"start":{"line":239,"column":60},"end":{"line":239,"column":69}}],"line":239},"21":{"loc":{"start":{"line":248,"column":4},"end":{"line":248,"column":null}},"type":"if","locations":[{"start":{"line":248,"column":4},"end":{"line":248,"column":null}},{"start":{},"end":{}}],"line":248},"22":{"loc":{"start":{"line":263,"column":10},"end":{"line":263,"column":null}},"type":"if","locations":[{"start":{"line":263,"column":10},"end":{"line":263,"column":null}},{"start":{},"end":{}}],"line":263},"23":{"loc":{"start":{"line":274,"column":4},"end":{"line":277,"column":null}},"type":"if","locations":[{"start":{"line":274,"column":4},"end":{"line":277,"column":null}},{"start":{},"end":{}}],"line":274},"24":{"loc":{"start":{"line":289,"column":54},"end":{"line":289,"column":120}},"type":"cond-expr","locations":[{"start":{"line":289,"column":85},"end":{"line":289,"column":108}},{"start":{"line":289,"column":108},"end":{"line":289,"column":120}}],"line":289},"25":{"loc":{"start":{"line":296,"column":4},"end":{"line":296,"column":null}},"type":"if","locations":[{"start":{"line":296,"column":4},"end":{"line":296,"column":null}},{"start":{},"end":{}}],"line":296},"26":{"loc":{"start":{"line":300,"column":6},"end":{"line":304,"column":null}},"type":"if","locations":[{"start":{"line":300,"column":6},"end":{"line":304,"column":null}},{"start":{},"end":{}}],"line":300},"27":{"loc":{"start":{"line":316,"column":17},"end":{"line":316,"column":51}},"type":"default-arg","locations":[{"start":{"line":316,"column":38},"end":{"line":316,"column":51}}],"line":316},"28":{"loc":{"start":{"line":321,"column":6},"end":{"line":321,"column":null}},"type":"if","locations":[{"start":{"line":321,"column":6},"end":{"line":321,"column":null}},{"start":{},"end":{}}],"line":321},"29":{"loc":{"start":{"line":322,"column":6},"end":{"line":322,"column":null}},"type":"if","locations":[{"start":{"line":322,"column":6},"end":{"line":322,"column":null}},{"start":{},"end":{}}],"line":322},"30":{"loc":{"start":{"line":327,"column":4},"end":{"line":327,"column":null}},"type":"if","locations":[{"start":{"line":327,"column":4},"end":{"line":327,"column":null}},{"start":{},"end":{}}],"line":327},"31":{"loc":{"start":{"line":332,"column":4},"end":{"line":332,"column":null}},"type":"if","locations":[{"start":{"line":332,"column":4},"end":{"line":332,"column":null}},{"start":{},"end":{}}],"line":332},"32":{"loc":{"start":{"line":345,"column":4},"end":{"line":345,"column":null}},"type":"if","locations":[{"start":{"line":345,"column":4},"end":{"line":345,"column":null}},{"start":{},"end":{}}],"line":345},"33":{"loc":{"start":{"line":345,"column":8},"end":{"line":345,"column":64}},"type":"binary-expr","locations":[{"start":{"line":345,"column":8},"end":{"line":345,"column":25}},{"start":{"line":345,"column":25},"end":{"line":345,"column":44}},{"start":{"line":345,"column":44},"end":{"line":345,"column":64}}],"line":345},"34":{"loc":{"start":{"line":346,"column":4},"end":{"line":346,"column":null}},"type":"if","locations":[{"start":{"line":346,"column":4},"end":{"line":346,"column":null}},{"start":{},"end":{}}],"line":346},"35":{"loc":{"start":{"line":347,"column":4},"end":{"line":347,"column":null}},"type":"if","locations":[{"start":{"line":347,"column":4},"end":{"line":347,"column":null}},{"start":{},"end":{}}],"line":347},"36":{"loc":{"start":{"line":347,"column":8},"end":{"line":347,"column":47}},"type":"binary-expr","locations":[{"start":{"line":347,"column":8},"end":{"line":347,"column":27}},{"start":{"line":347,"column":27},"end":{"line":347,"column":47}}],"line":347},"37":{"loc":{"start":{"line":362,"column":44},"end":{"line":362,"column":79}},"type":"if","locations":[{"start":{"line":362,"column":44},"end":{"line":362,"column":79}},{"start":{},"end":{}}],"line":362},"38":{"loc":{"start":{"line":369,"column":4},"end":{"line":369,"column":null}},"type":"if","locations":[{"start":{"line":369,"column":4},"end":{"line":369,"column":null}},{"start":{},"end":{}}],"line":369},"39":{"loc":{"start":{"line":370,"column":4},"end":{"line":370,"column":null}},"type":"if","locations":[{"start":{"line":370,"column":4},"end":{"line":370,"column":null}},{"start":{},"end":{}}],"line":370},"40":{"loc":{"start":{"line":371,"column":4},"end":{"line":371,"column":null}},"type":"if","locations":[{"start":{"line":371,"column":4},"end":{"line":371,"column":null}},{"start":{},"end":{}}],"line":371},"41":{"loc":{"start":{"line":372,"column":4},"end":{"line":372,"column":null}},"type":"if","locations":[{"start":{"line":372,"column":4},"end":{"line":372,"column":null}},{"start":{},"end":{}}],"line":372}},"s":{"0":1,"1":20,"2":1,"3":1,"4":9,"5":9,"6":9,"7":9,"8":0,"9":9,"10":8,"11":8,"12":1,"13":1,"14":0,"15":0,"16":0,"17":0,"18":0,"19":0,"20":0,"21":0,"22":0,"23":0,"24":0,"25":0,"26":0,"27":0,"28":0,"29":0,"30":3,"31":3,"32":3,"33":3,"34":3,"35":3,"36":3,"37":3,"38":0,"39":0,"40":0,"41":20,"42":20,"43":20,"44":20,"45":20,"46":31,"47":26,"48":26,"49":26,"50":26,"51":26,"52":3,"53":3,"54":3,"55":1,"56":26,"57":26,"58":2,"59":0,"60":13,"61":7,"62":7,"63":7,"64":7,"65":0,"66":0,"67":0,"68":0,"69":2,"70":2,"71":2,"72":2,"73":1,"74":1,"75":1,"76":0,"77":0,"78":0,"79":0,"80":0,"81":0,"82":0,"83":0,"84":3,"85":3,"86":3,"87":3,"88":0,"89":0,"90":0,"91":0,"92":0,"93":0,"94":0,"95":0,"96":0,"97":0,"98":0,"99":0,"100":0,"101":0,"102":0,"103":0,"104":0,"105":0,"106":0,"107":0,"108":0,"109":0,"110":0,"111":0,"112":0,"113":0,"114":0,"115":0,"116":0,"117":0,"118":0,"119":0,"120":0,"121":0,"122":0,"123":0,"124":0,"125":0,"126":0,"127":0,"128":0,"129":0,"130":0,"131":0,"132":0,"133":0,"134":0,"135":0,"136":0,"137":0,"138":0,"139":0,"140":0,"141":0,"142":0,"143":0,"144":0,"145":0,"146":0,"147":0,"148":0,"149":0,"150":0,"151":0,"152":0,"153":0,"154":0,"155":0,"156":9,"157":5,"158":0,"159":0,"160":4,"161":5,"162":1,"163":4,"164":1,"165":3,"166":1,"167":2,"168":1,"169":1,"170":1,"171":1,"172":6,"173":0,"174":1,"175":1,"176":1,"177":1,"178":1,"179":1,"180":0,"181":1,"182":0,"183":1,"184":0,"185":1},"f":{"0":20,"1":9,"2":0,"3":0,"4":0,"5":0,"6":0,"7":0,"8":3,"9":3,"10":3,"11":0,"12":20,"13":31,"14":26,"15":26,"16":3,"17":1,"18":26,"19":2,"20":0,"21":13,"22":0,"23":0,"24":0,"25":0,"26":0,"27":0,"28":0,"29":0,"30":0,"31":0,"32":0,"33":0,"34":9,"35":5,"36":0,"37":0,"38":4,"39":5,"40":1,"41":1,"42":6,"43":1,"44":1},"b":{"0":[1,1],"1":[1,1],"2":[1,1],"3":[1,1],"4":[1,1],"5":[9],"6":[9],"7":[1,0],"8":[0],"9":[20],"10":[26,0],"11":[7,0,2,1,0,3],"12":[6,1],"13":[0,0],"14":[2,0],"15":[0,1],"16":[0,1],"17":[0,0],"18":[0,0],"19":[0,0],"20":[3,0],"21":[0,0],"22":[0,0],"23":[0,0],"24":[0,0],"25":[0,0],"26":[0,0],"27":[0],"28":[0,0],"29":[0,0],"30":[0,0],"31":[0,0],"32":[1,4],"33":[5,2,1],"34":[1,3],"35":[1,2],"36":[3,3],"37":[0,6],"38":[1,0],"39":[0,1],"40":[0,1],"41":[0,1]},"meta":{"lastBranch":42,"lastFunction":45,"lastStatement":186,"seen":{"s:38:41:45:Infinity":0,"b:39:22:39:67:39:67:39:Infinity":0,"b:40:22:40:67:40:67:40:Infinity":1,"b:41:22:41:67:41:67:41:Infinity":2,"b:42:22:42:67:42:67:42:Infinity":3,"b:43:22:43:67:43:67:43:Infinity":4,"f:47:9:47:28":0,"s:48:2:73:Infinity":1,"s:78:60:84:Infinity":2,"s:86:59:92:Infinity":3,"f:96:15:96:Infinity":1,"b:97:30:97:34":5,"b:97:54:97:Infinity":6,"s:99:16:99:Infinity":4,"s:100:2:109:Infinity":5,"s:101:23:101:Infinity":6,"s:102:18:102:Infinity":7,"f:102:29:102:35":2,"s:102:35:102:55":8,"s:103:16:103:Infinity":9,"s:104:4:104:Infinity":10,"s:105:4:105:Infinity":11,"s:107:16:107:Infinity":12,"s:108:4:108:Infinity":13,"b:108:79:108:94:108:94:108:108":7,"f:112:15:112:Infinity":3,"b:113:35:113:Infinity":8,"s:115:16:115:Infinity":14,"s:116:2:129:Infinity":15,"f:116:21:116:22":4,"s:117:4:128:Infinity":16,"s:118:17:118:Infinity":17,"s:119:20:122:Infinity":18,"f:119:31:119:37":5,"s:120:8:120:Infinity":19,"s:121:8:121:Infinity":20,"s:123:6:123:Infinity":21,"f:123:18:123:24":6,"s:123:26:123:47":22,"s:123:47:123:59":23,"s:123:59:123:130":24,"s:124:6:124:Infinity":25,"f:124:19:124:25":7,"s:124:27:124:48":26,"s:124:48:124:138":27,"s:126:18:126:Infinity":28,"s:127:6:127:Infinity":29,"f:132:15:132:70":8,"s:133:2:142:Infinity":30,"s:134:4:138:Infinity":31,"f:134:23:134:24":9,"s:135:18:135:Infinity":32,"s:136:6:136:Infinity":33,"f:136:22:136:28":10,"s:136:30:136:50":34,"s:136:50:136:96":35,"s:136:96:136:119":36,"s:137:6:137:Infinity":37,"f:137:20:137:26":11,"s:137:26:137:Infinity":38,"s:140:16:140:Infinity":39,"s:141:4:141:Infinity":40,"s:152:47:152:Infinity":41,"s:153:66:153:Infinity":42,"s:154:33:154:Infinity":43,"f:156:2:156:14":12,"b:156:50:156:54":9,"s:157:4:157:Infinity":44,"s:158:4:158:Infinity":45,"f:163:2:163:46":13,"s:163:48:163:79":46,"f:164:2:164:13":14,"s:164:56:164:86":47,"f:166:10:166:17":15,"s:167:20:167:Infinity":48,"b:168:4:171:Infinity:undefined:undefined:undefined:undefined":10,"s:168:4:171:Infinity":49,"s:169:6:169:Infinity":50,"s:170:6:170:Infinity":51,"f:176:2:176:12":16,"s:177:4:177:Infinity":52,"s:178:4:178:Infinity":53,"s:179:4:179:Infinity":54,"f:179:11:179:17":17,"s:179:17:179:Infinity":55,"f:182:10:182:19":18,"s:183:21:183:Infinity":56,"s:184:4:184:Infinity":57,"f:184:27:184:33":19,"s:184:33:184:45":58,"f:189:8:189:34":20,"s:190:4:197:Infinity":59,"f:200:8:200:21":21,"b:202:6:207:Infinity:208:6:213:Infinity:214:6:219:Infinity:220:6:227:Infinity:228:6:235:Infinity:236:6:241:Infinity":11,"s:201:4:242:Infinity":60,"s:203:8:203:Infinity":61,"s:204:18:204:Infinity":62,"s:205:8:205:Infinity":63,"b:205:44:205:58:205:58:205:67":12,"s:206:8:206:Infinity":64,"s:209:8:209:Infinity":65,"s:210:18:210:Infinity":66,"s:211:8:211:Infinity":67,"b:211:43:211:57:211:57:211:66":13,"s:212:8:212:Infinity":68,"s:215:8:215:Infinity":69,"s:216:18:216:Infinity":70,"s:217:8:217:Infinity":71,"b:217:47:217:61:217:61:217:70":14,"s:218:8:218:Infinity":72,"s:221:26:221:Infinity":73,"s:222:8:225:Infinity":74,"b:223:30:223:47:223:47:223:Infinity":15,"b:224:29:224:41:224:41:224:Infinity":16,"s:226:8:226:Infinity":75,"s:229:26:229:Infinity":76,"b:229:26:229:59:229:59:229:Infinity":17,"b:230:8:230:Infinity:undefined:undefined:undefined:undefined":18,"s:230:8:230:Infinity":77,"s:230:26:230:103":78,"s:230:103:230:110":79,"s:231:8:231:Infinity":80,"s:232:18:232:Infinity":81,"s:233:8:233:Infinity":82,"b:233:45:233:59:233:59:233:68":19,"s:234:8:234:Infinity":83,"s:237:8:237:Infinity":84,"s:238:18:238:Infinity":85,"s:239:8:239:Infinity":86,"b:239:46:239:60:239:60:239:69":20,"s:240:8:240:Infinity":87,"f:247:8:247:42":22,"b:248:4:248:Infinity:undefined:undefined:undefined:undefined":21,"s:248:4:248:Infinity":88,"s:248:19:248:36":89,"s:248:36:248:52":90,"s:249:4:249:Infinity":91,"s:251:4:270:Infinity":92,"s:252:6:252:Infinity":93,"s:253:6:253:Infinity":94,"f:253:23:253:29":23,"s:253:29:253:Infinity":95,"s:254:6:259:Infinity":96,"f:254:26:254:27":24,"s:255:8:258:Infinity":97,"s:256:23:256:Infinity":98,"s:257:10:257:Infinity":99,"s:260:6:265:Infinity":100,"f:260:24:260:30":25,"s:261:8:261:Infinity":101,"s:262:8:264:Infinity":102,"f:262:19:262:25":26,"b:263:10:263:Infinity:undefined:undefined:undefined:undefined":22,"s:263:10:263:Infinity":103,"s:263:64:263:Infinity":104,"s:266:6:266:Infinity":105,"f:266:24:266:30":27,"s:266:30:266:Infinity":106,"s:268:18:268:Infinity":107,"s:269:6:269:Infinity":108,"f:273:8:273:42":28,"b:274:4:277:Infinity:undefined:undefined:undefined:undefined":23,"s:274:4:277:Infinity":109,"s:275:6:275:Infinity":110,"s:276:6:276:Infinity":111,"s:278:4:291:Infinity":112,"s:279:6:279:Infinity":113,"s:280:18:280:Infinity":114,"s:281:19:281:Infinity":115,"s:282:6:282:Infinity":116,"s:283:6:283:Infinity":117,"s:284:7:284:Infinity":118,"s:285:6:285:Infinity":119,"s:286:6:286:Infinity":120,"s:288:18:288:Infinity":121,"s:289:6:289:Infinity":122,"b:289:85:289:108:289:108:289:120":24,"s:290:6:290:Infinity":123,"f:294:8:294:40":29,"s:295:22:295:Infinity":124,"b:296:4:296:Infinity:undefined:undefined:undefined:undefined":25,"s:296:4:296:Infinity":125,"s:296:21:296:89":126,"s:296:89:296:103":127,"s:297:4:311:Infinity":128,"s:298:6:298:Infinity":129,"s:299:23:299:Infinity":130,"b:300:6:304:Infinity:undefined:undefined:undefined:undefined":26,"s:300:6:304:Infinity":131,"s:301:8:301:Infinity":132,"s:302:8:302:Infinity":133,"s:303:8:303:Infinity":134,"s:305:6:305:Infinity":135,"s:306:6:306:Infinity":136,"s:308:18:308:Infinity":137,"s:309:6:309:Infinity":138,"s:310:6:310:Infinity":139,"f:316:2:316:17":30,"b:316:38:316:51":27,"s:317:4:317:Infinity":140,"s:318:4:323:Infinity":141,"f:318:38:318:44":31,"s:319:18:319:Infinity":142,"s:320:21:320:Infinity":143,"b:321:6:321:Infinity:undefined:undefined:undefined:undefined":28,"s:321:6:321:Infinity":144,"s:321:39:321:Infinity":145,"b:322:6:322:Infinity:undefined:undefined:undefined:undefined":29,"s:322:6:322:Infinity":146,"s:322:42:322:Infinity":147,"f:326:2:326:24":32,"b:327:4:327:Infinity:undefined:undefined:undefined:undefined":30,"s:327:4:327:Infinity":148,"s:327:31:327:67":149,"s:327:67:327:95":150,"f:330:2:330:21":33,"s:331:4:331:Infinity":151,"b:332:4:332:Infinity:undefined:undefined:undefined:undefined":31,"s:332:4:332:Infinity":152,"s:332:19:332:36":153,"s:332:36:332:52":154,"s:333:4:333:Infinity":155,"f:338:6:338:26":34,"s:338:28:338:83":156,"f:339:6:339:28":35,"s:339:30:339:88":157,"f:340:6:340:29":36,"s:340:31:340:89":158,"f:341:6:341:25":37,"s:341:27:341:83":159,"f:342:6:342:31":38,"s:342:33:342:90":160,"f:344:6:344:54":39,"b:345:4:345:Infinity:undefined:undefined:undefined:undefined":32,"s:345:4:345:Infinity":161,"b:345:8:345:25:345:25:345:44:345:44:345:64":33,"s:345:64:345:Infinity":162,"b:346:4:346:Infinity:undefined:undefined:undefined:undefined":34,"s:346:4:346:Infinity":163,"s:346:23:346:Infinity":164,"b:347:4:347:Infinity:undefined:undefined:undefined:undefined":35,"s:347:4:347:Infinity":165,"b:347:8:347:27:347:27:347:47":36,"s:347:47:347:Infinity":166,"s:348:4:348:Infinity":167,"f:351:6:351:26":40,"s:352:19:357:Infinity":168,"s:358:4:358:Infinity":169,"f:361:6:361:31":41,"s:362:12:362:15":170,"s:362:15:362:83":171,"f:362:37:362:42":42,"b:362:44:362:79:undefined:undefined:undefined:undefined":37,"s:362:44:362:79":172,"s:362:74:362:79":173,"s:362:83:362:Infinity":174,"f:365:2:365:32":43,"s:365:34:365:61":175,"f:367:2:367:15":44,"s:368:4:368:Infinity":176,"b:369:4:369:Infinity:undefined:undefined:undefined:undefined":38,"s:369:4:369:Infinity":177,"s:369:22:369:Infinity":178,"b:370:4:370:Infinity:undefined:undefined:undefined:undefined":39,"s:370:4:370:Infinity":179,"s:370:21:370:Infinity":180,"b:371:4:371:Infinity:undefined:undefined:undefined:undefined":40,"s:371:4:371:Infinity":181,"s:371:25:371:Infinity":182,"b:372:4:372:Infinity:undefined:undefined:undefined:undefined":41,"s:372:4:372:Infinity":183,"s:372:23:372:Infinity":184,"s:377:33:377:Infinity":185}}}
,"C:\\Users\\sandra\\Documents\\N0\\p31-buffer\\apps\\web\\src\\lib\\design-tokens.ts": {"path":"C:\\Users\\sandra\\Documents\\N0\\p31-buffer\\apps\\web\\src\\lib\\design-tokens.ts","statementMap":{"0":{"start":{"line":6,"column":22},"end":{"line":40,"column":null}},"1":{"start":{"line":42,"column":21},"end":{"line":69,"column":null}},"2":{"start":{"line":71,"column":45},"end":{"line":81,"column":null}},"3":{"start":{"line":83,"column":22},"end":{"line":86,"column":null}},"4":{"start":{"line":88,"column":26},"end":{"line":92,"column":null}},"5":{"start":{"line":94,"column":22},"end":{"line":96,"column":null}},"6":{"start":{"line":98,"column":22},"end":{"line":102,"column":null}},"7":{"start":{"line":104,"column":18},"end":{"line":112,"column":null}},"8":{"start":{"line":114,"column":19},"end":{"line":123,"column":null}},"9":{"start":{"line":125,"column":24},"end":{"line":131,"column":null}},"10":{"start":{"line":133,"column":17},"end":{"line":137,"column":null}}},"fnMap":{},"branchMap":{},"s":{"0":1,"1":1,"2":1,"3":1,"4":1,"5":1,"6":1,"7":1,"8":1,"9":1,"10":1},"f":{},"b":{},"meta":{"lastBranch":0,"lastFunction":0,"lastStatement":11,"seen":{"s:6:22:40:Infinity":0,"s:42:21:69:Infinity":1,"s:71:45:81:Infinity":2,"s:83:22:86:Infinity":3,"s:88:26:92:Infinity":4,"s:94:22:96:Infinity":5,"s:98:22:102:Infinity":6,"s:104:18:112:Infinity":7,"s:114:19:123:Infinity":8,"s:125:24:131:Infinity":9,"s:133:17:137:Infinity":10}}}
,"C:\\Users\\sandra\\Documents\\N0\\p31-buffer\\apps\\web\\src\\lib\\intake-schema.ts": {"path":"C:\\Users\\sandra\\Documents\\N0\\p31-buffer\\apps\\web\\src\\lib\\intake-schema.ts","statementMap":{"0":{"start":{"line":39,"column":43},"end":{"line":98,"column":null}}},"fnMap":{},"branchMap":{},"s":{"0":3},"f":{},"b":{},"meta":{"lastBranch":0,"lastFunction":0,"lastStatement":1,"seen":{"s:39:43:98:Infinity":0}}}
,"C:\\Users\\sandra\\Documents\\N0\\p31-buffer\\apps\\web\\src\\lib\\intake-to-graph.ts": {"path":"C:\\Users\\sandra\\Documents\\N0\\p31-buffer\\apps\\web\\src\\lib\\intake-to-graph.ts","statementMap":{"0":{"start":{"line":10,"column":2},"end":{"line":10,"column":null}},"1":{"start":{"line":10,"column":61},"end":{"line":10,"column":null}},"2":{"start":{"line":11,"column":2},"end":{"line":11,"column":null}},"3":{"start":{"line":11,"column":50},"end":{"line":11,"column":null}},"4":{"start":{"line":13,"column":18},"end":{"line":13,"column":null}},"5":{"start":{"line":14,"column":15},"end":{"line":14,"column":null}},"6":{"start":{"line":16,"column":2},"end":{"line":34,"column":null}},"7":{"start":{"line":38,"column":29},"end":{"line":38,"column":null}},"8":{"start":{"line":39,"column":70},"end":{"line":39,"column":null}},"9":{"start":{"line":41,"column":2},"end":{"line":61,"column":null}},"10":{"start":{"line":42,"column":38},"end":{"line":42,"column":null}},"11":{"start":{"line":44,"column":4},"end":{"line":52,"column":null}},"12":{"start":{"line":44,"column":17},"end":{"line":44,"column":20}},"13":{"start":{"line":45,"column":20},"end":{"line":45,"column":null}},"14":{"start":{"line":46,"column":20},"end":{"line":46,"column":null}},"15":{"start":{"line":47,"column":19},"end":{"line":47,"column":null}},"16":{"start":{"line":48,"column":6},"end":{"line":51,"column":null}},"17":{"start":{"line":49,"column":8},"end":{"line":49,"column":null}},"18":{"start":{"line":50,"column":8},"end":{"line":50,"column":null}},"19":{"start":{"line":54,"column":4},"end":{"line":60,"column":null}},"20":{"start":{"line":54,"column":17},"end":{"line":54,"column":20}},"21":{"start":{"line":55,"column":6},"end":{"line":59,"column":null}},"22":{"start":{"line":63,"column":41},"end":{"line":71,"column":null}},"23":{"start":{"line":73,"column":2},"end":{"line":77,"column":null}},"24":{"start":{"line":74,"column":4},"end":{"line":76,"column":null}},"25":{"start":{"line":74,"column":24},"end":{"line":74,"column":36}},"26":{"start":{"line":74,"column":57},"end":{"line":74,"column":69}},"27":{"start":{"line":75,"column":6},"end":{"line":75,"column":null}},"28":{"start":{"line":79,"column":2},"end":{"line":79,"column":null}},"29":{"start":{"line":83,"column":17},"end":{"line":83,"column":null}},"30":{"start":{"line":84,"column":2},"end":{"line":84,"column":null}},"31":{"start":{"line":84,"column":20},"end":{"line":84,"column":null}},"32":{"start":{"line":85,"column":12},"end":{"line":85,"column":null}},"33":{"start":{"line":87,"column":2},"end":{"line":118,"column":null}},"34":{"start":{"line":89,"column":18},"end":{"line":89,"column":null}},"35":{"start":{"line":90,"column":18},"end":{"line":90,"column":null}},"36":{"start":{"line":91,"column":12},"end":{"line":91,"column":null}},"37":{"start":{"line":92,"column":6},"end":{"line":92,"column":null}},"38":{"start":{"line":93,"column":6},"end":{"line":93,"column":null}},"39":{"start":{"line":96,"column":6},"end":{"line":96,"column":null}},"40":{"start":{"line":97,"column":6},"end":{"line":97,"column":null}},"41":{"start":{"line":99,"column":20},"end":{"line":99,"column":null}},"42":{"start":{"line":100,"column":25},"end":{"line":100,"column":null}},"43":{"start":{"line":101,"column":6},"end":{"line":101,"column":null}},"44":{"start":{"line":102,"column":6},"end":{"line":102,"column":null}},"45":{"start":{"line":102,"column":68},"end":{"line":102,"column":null}},"46":{"start":{"line":103,"column":6},"end":{"line":103,"column":null}},"47":{"start":{"line":103,"column":66},"end":{"line":103,"column":null}},"48":{"start":{"line":104,"column":6},"end":{"line":104,"column":null}},"49":{"start":{"line":107,"column":18},"end":{"line":107,"column":null}},"50":{"start":{"line":108,"column":18},"end":{"line":108,"column":null}},"51":{"start":{"line":109,"column":6},"end":{"line":109,"column":null}},"52":{"start":{"line":110,"column":6},"end":{"line":110,"column":null}},"53":{"start":{"line":110,"column":31},"end":{"line":110,"column":null}},"54":{"start":{"line":111,"column":6},"end":{"line":111,"column":null}},"55":{"start":{"line":114,"column":6},"end":{"line":114,"column":null}},"56":{"start":{"line":115,"column":6},"end":{"line":115,"column":null}},"57":{"start":{"line":117,"column":6},"end":{"line":117,"column":null}},"58":{"start":{"line":119,"column":2},"end":{"line":119,"column":null}},"59":{"start":{"line":123,"column":18},"end":{"line":123,"column":null}},"60":{"start":{"line":124,"column":8},"end":{"line":124,"column":null}},"61":{"start":{"line":125,"column":17},"end":{"line":125,"column":null}},"62":{"start":{"line":125,"column":23},"end":{"line":125,"column":null}},"63":{"start":{"line":126,"column":2},"end":{"line":132,"column":null}},"64":{"start":{"line":127,"column":14},"end":{"line":127,"column":null}},"65":{"start":{"line":128,"column":14},"end":{"line":128,"column":null}},"66":{"start":{"line":129,"column":14},"end":{"line":129,"column":null}},"67":{"start":{"line":130,"column":14},"end":{"line":130,"column":null}},"68":{"start":{"line":131,"column":13},"end":{"line":131,"column":null}},"69":{"start":{"line":145,"column":2},"end":{"line":152,"column":null}},"70":{"start":{"line":156,"column":2},"end":{"line":156,"column":null}},"71":{"start":{"line":156,"column":47},"end":{"line":156,"column":null}},"72":{"start":{"line":157,"column":2},"end":{"line":157,"column":null}},"73":{"start":{"line":157,"column":40},"end":{"line":157,"column":null}},"74":{"start":{"line":158,"column":2},"end":{"line":158,"column":null}},"75":{"start":{"line":158,"column":62},"end":{"line":158,"column":null}},"76":{"start":{"line":159,"column":2},"end":{"line":159,"column":null}},"77":{"start":{"line":159,"column":43},"end":{"line":159,"column":null}},"78":{"start":{"line":160,"column":2},"end":{"line":160,"column":null}},"79":{"start":{"line":164,"column":16},"end":{"line":164,"column":null}},"80":{"start":{"line":165,"column":20},"end":{"line":165,"column":null}},"81":{"start":{"line":166,"column":2},"end":{"line":169,"column":null}},"82":{"start":{"line":167,"column":4},"end":{"line":167,"column":null}},"83":{"start":{"line":167,"column":46},"end":{"line":167,"column":null}},"84":{"start":{"line":168,"column":4},"end":{"line":168,"column":null}},"85":{"start":{"line":170,"column":2},"end":{"line":172,"column":null}},"86":{"start":{"line":171,"column":4},"end":{"line":171,"column":null}},"87":{"start":{"line":173,"column":2},"end":{"line":175,"column":null}},"88":{"start":{"line":174,"column":4},"end":{"line":174,"column":null}},"89":{"start":{"line":176,"column":2},"end":{"line":176,"column":null}}},"fnMap":{"0":{"name":"fieldToNode","decl":{"start":{"line":4,"column":16},"end":{"line":4,"column":null}},"loc":{"start":{"line":9,"column":20},"end":{"line":35,"column":null}},"line":9},"1":{"name":"intakeToGraph","decl":{"start":{"line":37,"column":16},"end":{"line":37,"column":30}},"loc":{"start":{"line":37,"column":71},"end":{"line":80,"column":null}},"line":37},"2":{"name":"(anonymous_2)","decl":{"start":{"line":74,"column":19},"end":{"line":74,"column":24}},"loc":{"start":{"line":74,"column":24},"end":{"line":74,"column":36}},"line":74},"3":{"name":"(anonymous_3)","decl":{"start":{"line":74,"column":52},"end":{"line":74,"column":57}},"loc":{"start":{"line":74,"column":57},"end":{"line":74,"column":69}},"line":74},"4":{"name":"computeFieldVoltage","decl":{"start":{"line":82,"column":9},"end":{"line":82,"column":29}},"loc":{"start":{"line":82,"column":73},"end":{"line":120,"column":null}},"line":82},"5":{"name":"axisWeightedBary","decl":{"start":{"line":122,"column":9},"end":{"line":122,"column":26}},"loc":{"start":{"line":122,"column":112},"end":{"line":133,"column":null}},"line":122},"6":{"name":"(anonymous_6)","decl":{"start":{"line":125,"column":17},"end":{"line":125,"column":23}},"loc":{"start":{"line":125,"column":23},"end":{"line":125,"column":null}},"line":125},"7":{"name":"extractCalibration","decl":{"start":{"line":144,"column":16},"end":{"line":144,"column":35}},"loc":{"start":{"line":144,"column":79},"end":{"line":153,"column":null}},"line":144},"8":{"name":"inferGenSync","decl":{"start":{"line":155,"column":9},"end":{"line":155,"column":22}},"loc":{"start":{"line":155,"column":71},"end":{"line":161,"column":null}},"line":155},"9":{"name":"estimateEntropy","decl":{"start":{"line":163,"column":9},"end":{"line":163,"column":25}},"loc":{"start":{"line":163,"column":64},"end":{"line":177,"column":null}},"line":163}},"branchMap":{"0":{"loc":{"start":{"line":10,"column":2},"end":{"line":10,"column":null}},"type":"if","locations":[{"start":{"line":10,"column":2},"end":{"line":10,"column":null}},{"start":{},"end":{}}],"line":10},"1":{"loc":{"start":{"line":10,"column":6},"end":{"line":10,"column":61}},"type":"binary-expr","locations":[{"start":{"line":10,"column":6},"end":{"line":10,"column":29}},{"start":{"line":10,"column":29},"end":{"line":10,"column":47}},{"start":{"line":10,"column":47},"end":{"line":10,"column":61}}],"line":10},"2":{"loc":{"start":{"line":11,"column":2},"end":{"line":11,"column":null}},"type":"if","locations":[{"start":{"line":11,"column":2},"end":{"line":11,"column":null}},{"start":{},"end":{}}],"line":11},"3":{"loc":{"start":{"line":11,"column":6},"end":{"line":11,"column":50}},"type":"binary-expr","locations":[{"start":{"line":11,"column":6},"end":{"line":11,"column":30}},{"start":{"line":11,"column":30},"end":{"line":11,"column":50}}],"line":11},"4":{"loc":{"start":{"line":24,"column":17},"end":{"line":24,"column":null}},"type":"cond-expr","locations":[{"start":{"line":24,"column":45},"end":{"line":24,"column":61}},{"start":{"line":24,"column":61},"end":{"line":24,"column":null}}],"line":24},"5":{"loc":{"start":{"line":25,"column":17},"end":{"line":25,"column":null}},"type":"cond-expr","locations":[{"start":{"line":25,"column":45},"end":{"line":25,"column":51}},{"start":{"line":25,"column":51},"end":{"line":25,"column":null}}],"line":25},"6":{"loc":{"start":{"line":48,"column":6},"end":{"line":51,"column":null}},"type":"if","locations":[{"start":{"line":48,"column":6},"end":{"line":51,"column":null}},{"start":{},"end":{}}],"line":48},"7":{"loc":{"start":{"line":74,"column":4},"end":{"line":76,"column":null}},"type":"if","locations":[{"start":{"line":74,"column":4},"end":{"line":76,"column":null}},{"start":{},"end":{}}],"line":74},"8":{"loc":{"start":{"line":74,"column":8},"end":{"line":74,"column":72}},"type":"binary-expr","locations":[{"start":{"line":74,"column":8},"end":{"line":74,"column":41}},{"start":{"line":74,"column":41},"end":{"line":74,"column":72}}],"line":74},"9":{"loc":{"start":{"line":84,"column":2},"end":{"line":84,"column":null}},"type":"if","locations":[{"start":{"line":84,"column":2},"end":{"line":84,"column":null}},{"start":{},"end":{}}],"line":84},"10":{"loc":{"start":{"line":87,"column":2},"end":{"line":118,"column":null}},"type":"switch","locations":[{"start":{"line":88,"column":4},"end":{"line":94,"column":null}},{"start":{"line":95,"column":4},"end":{"line":97,"column":null}},{"start":{"line":98,"column":4},"end":{"line":105,"column":null}},{"start":{"line":106,"column":4},"end":{"line":112,"column":null}},{"start":{"line":113,"column":4},"end":{"line":115,"column":null}},{"start":{"line":116,"column":4},"end":{"line":117,"column":null}}],"line":87},"11":{"loc":{"start":{"line":89,"column":18},"end":{"line":89,"column":null}},"type":"binary-expr","locations":[{"start":{"line":89,"column":18},"end":{"line":89,"column":31}},{"start":{"line":89,"column":31},"end":{"line":89,"column":null}}],"line":89},"12":{"loc":{"start":{"line":90,"column":18},"end":{"line":90,"column":null}},"type":"binary-expr","locations":[{"start":{"line":90,"column":18},"end":{"line":90,"column":31}},{"start":{"line":90,"column":31},"end":{"line":90,"column":null}}],"line":90},"13":{"loc":{"start":{"line":92,"column":12},"end":{"line":92,"column":null}},"type":"cond-expr","locations":[{"start":{"line":92,"column":34},"end":{"line":92,"column":51}},{"start":{"line":92,"column":51},"end":{"line":92,"column":null}}],"line":92},"14":{"loc":{"start":{"line":96,"column":12},"end":{"line":96,"column":null}},"type":"cond-expr","locations":[{"start":{"line":96,"column":35},"end":{"line":96,"column":53}},{"start":{"line":96,"column":53},"end":{"line":96,"column":null}}],"line":96},"15":{"loc":{"start":{"line":96,"column":35},"end":{"line":96,"column":53}},"type":"cond-expr","locations":[{"start":{"line":96,"column":43},"end":{"line":96,"column":47}},{"start":{"line":96,"column":47},"end":{"line":96,"column":53}}],"line":96},"16":{"loc":{"start":{"line":96,"column":53},"end":{"line":96,"column":null}},"type":"cond-expr","locations":[{"start":{"line":96,"column":61},"end":{"line":96,"column":65}},{"start":{"line":96,"column":65},"end":{"line":96,"column":null}}],"line":96},"17":{"loc":{"start":{"line":99,"column":20},"end":{"line":99,"column":null}},"type":"cond-expr","locations":[{"start":{"line":99,"column":43},"end":{"line":99,"column":58}},{"start":{"line":99,"column":58},"end":{"line":99,"column":null}}],"line":99},"18":{"loc":{"start":{"line":100,"column":25},"end":{"line":100,"column":null}},"type":"binary-expr","locations":[{"start":{"line":100,"column":25},"end":{"line":100,"column":50}},{"start":{"line":100,"column":50},"end":{"line":100,"column":null}}],"line":100},"19":{"loc":{"start":{"line":102,"column":6},"end":{"line":102,"column":null}},"type":"if","locations":[{"start":{"line":102,"column":6},"end":{"line":102,"column":null}},{"start":{},"end":{}}],"line":102},"20":{"loc":{"start":{"line":102,"column":10},"end":{"line":102,"column":68}},"type":"binary-expr","locations":[{"start":{"line":102,"column":10},"end":{"line":102,"column":34}},{"start":{"line":102,"column":34},"end":{"line":102,"column":68}}],"line":102},"21":{"loc":{"start":{"line":103,"column":6},"end":{"line":103,"column":null}},"type":"if","locations":[{"start":{"line":103,"column":6},"end":{"line":103,"column":null}},{"start":{},"end":{}}],"line":103},"22":{"loc":{"start":{"line":103,"column":10},"end":{"line":103,"column":66}},"type":"binary-expr","locations":[{"start":{"line":103,"column":10},"end":{"line":103,"column":34}},{"start":{"line":103,"column":34},"end":{"line":103,"column":66}}],"line":103},"23":{"loc":{"start":{"line":107,"column":18},"end":{"line":107,"column":null}},"type":"binary-expr","locations":[{"start":{"line":107,"column":18},"end":{"line":107,"column":61}},{"start":{"line":107,"column":61},"end":{"line":107,"column":null}}],"line":107},"24":{"loc":{"start":{"line":108,"column":28},"end":{"line":108,"column":58}},"type":"binary-expr","locations":[{"start":{"line":108,"column":28},"end":{"line":108,"column":53}},{"start":{"line":108,"column":53},"end":{"line":108,"column":58}}],"line":108},"25":{"loc":{"start":{"line":109,"column":12},"end":{"line":109,"column":null}},"type":"cond-expr","locations":[{"start":{"line":109,"column":22},"end":{"line":109,"column":34}},{"start":{"line":109,"column":34},"end":{"line":109,"column":null}}],"line":109},"26":{"loc":{"start":{"line":110,"column":6},"end":{"line":110,"column":null}},"type":"if","locations":[{"start":{"line":110,"column":6},"end":{"line":110,"column":null}},{"start":{},"end":{}}],"line":110},"27":{"loc":{"start":{"line":126,"column":2},"end":{"line":132,"column":null}},"type":"switch","locations":[{"start":{"line":127,"column":4},"end":{"line":127,"column":null}},{"start":{"line":128,"column":4},"end":{"line":128,"column":null}},{"start":{"line":129,"column":4},"end":{"line":129,"column":null}},{"start":{"line":130,"column":4},"end":{"line":130,"column":null}},{"start":{"line":131,"column":4},"end":{"line":131,"column":null}}],"line":126},"28":{"loc":{"start":{"line":146,"column":19},"end":{"line":146,"column":null}},"type":"cond-expr","locations":[{"start":{"line":146,"column":50},"end":{"line":146,"column":81}},{"start":{"line":146,"column":81},"end":{"line":146,"column":null}}],"line":146},"29":{"loc":{"start":{"line":149,"column":19},"end":{"line":149,"column":null}},"type":"binary-expr","locations":[{"start":{"line":149,"column":19},"end":{"line":149,"column":54}},{"start":{"line":149,"column":54},"end":{"line":149,"column":null}}],"line":149},"30":{"loc":{"start":{"line":150,"column":18},"end":{"line":150,"column":null}},"type":"binary-expr","locations":[{"start":{"line":150,"column":18},"end":{"line":150,"column":42}},{"start":{"line":150,"column":42},"end":{"line":150,"column":null}}],"line":150},"31":{"loc":{"start":{"line":151,"column":15},"end":{"line":151,"column":null}},"type":"binary-expr","locations":[{"start":{"line":151,"column":15},"end":{"line":151,"column":43}},{"start":{"line":151,"column":43},"end":{"line":151,"column":null}}],"line":151},"32":{"loc":{"start":{"line":156,"column":2},"end":{"line":156,"column":null}},"type":"if","locations":[{"start":{"line":156,"column":2},"end":{"line":156,"column":null}},{"start":{},"end":{}}],"line":156},"33":{"loc":{"start":{"line":156,"column":6},"end":{"line":156,"column":47}},"type":"binary-expr","locations":[{"start":{"line":156,"column":6},"end":{"line":156,"column":29}},{"start":{"line":156,"column":29},"end":{"line":156,"column":47}}],"line":156},"34":{"loc":{"start":{"line":157,"column":2},"end":{"line":157,"column":null}},"type":"if","locations":[{"start":{"line":157,"column":2},"end":{"line":157,"column":null}},{"start":{},"end":{}}],"line":157},"35":{"loc":{"start":{"line":158,"column":2},"end":{"line":158,"column":null}},"type":"if","locations":[{"start":{"line":158,"column":2},"end":{"line":158,"column":null}},{"start":{},"end":{}}],"line":158},"36":{"loc":{"start":{"line":158,"column":6},"end":{"line":158,"column":62}},"type":"binary-expr","locations":[{"start":{"line":158,"column":6},"end":{"line":158,"column":35}},{"start":{"line":158,"column":35},"end":{"line":158,"column":62}}],"line":158},"37":{"loc":{"start":{"line":159,"column":2},"end":{"line":159,"column":null}},"type":"if","locations":[{"start":{"line":159,"column":2},"end":{"line":159,"column":null}},{"start":{},"end":{}}],"line":159},"38":{"loc":{"start":{"line":166,"column":2},"end":{"line":169,"column":null}},"type":"if","locations":[{"start":{"line":166,"column":2},"end":{"line":169,"column":null}},{"start":{},"end":{}}],"line":166},"39":{"loc":{"start":{"line":167,"column":4},"end":{"line":167,"column":null}},"type":"if","locations":[{"start":{"line":167,"column":4},"end":{"line":167,"column":null}},{"start":{},"end":{}}],"line":167},"40":{"loc":{"start":{"line":170,"column":2},"end":{"line":172,"column":null}},"type":"if","locations":[{"start":{"line":170,"column":2},"end":{"line":172,"column":null}},{"start":{},"end":{}}],"line":170},"41":{"loc":{"start":{"line":170,"column":6},"end":{"line":170,"column":72}},"type":"binary-expr","locations":[{"start":{"line":170,"column":6},"end":{"line":170,"column":48}},{"start":{"line":170,"column":48},"end":{"line":170,"column":72}}],"line":170},"42":{"loc":{"start":{"line":173,"column":2},"end":{"line":175,"column":null}},"type":"if","locations":[{"start":{"line":173,"column":2},"end":{"line":175,"column":null}},{"start":{},"end":{}}],"line":173},"43":{"loc":{"start":{"line":173,"column":6},"end":{"line":173,"column":72}},"type":"binary-expr","locations":[{"start":{"line":173,"column":6},"end":{"line":173,"column":48}},{"start":{"line":173,"column":48},"end":{"line":173,"column":72}}],"line":173}},"s":{"0":295,"1":271,"2":24,"3":1,"4":23,"5":23,"6":23,"7":14,"8":14,"9":14,"10":56,"11":56,"12":56,"13":280,"14":280,"15":280,"16":280,"17":11,"18":11,"19":56,"20":56,"21":2,"22":14,"23":14,"24":98,"25":72,"26":16,"27":2,"28":14,"29":23,"30":23,"31":0,"32":23,"33":23,"34":10,"35":10,"36":10,"37":10,"38":10,"39":3,"40":3,"41":3,"42":3,"43":3,"44":3,"45":0,"46":3,"47":0,"48":3,"49":0,"50":0,"51":0,"52":0,"53":0,"54":0,"55":0,"56":0,"57":7,"58":23,"59":23,"60":23,"61":23,"62":69,"63":23,"64":14,"65":8,"66":1,"67":0,"68":0,"69":20,"70":20,"71":1,"72":19,"73":0,"74":19,"75":1,"76":18,"77":1,"78":17,"79":20,"80":20,"81":20,"82":3,"83":1,"84":2,"85":19,"86":0,"87":19,"88":0,"89":19},"f":{"0":295,"1":14,"2":72,"3":16,"4":23,"5":23,"6":69,"7":20,"8":20,"9":20},"b":{"0":[271,24],"1":[295,25,25],"2":[1,23],"3":[24,4],"4":[18,5],"5":[0,23],"6":[11,269],"7":[2,96],"8":[98,10],"9":[0,23],"10":[10,3,3,0,0,7],"11":[10,0],"12":[10,0],"13":[8,2],"14":[2,1],"15":[1,1],"16":[1,0],"17":[3,0],"18":[3,0],"19":[0,3],"20":[3,3],"21":[0,3],"22":[3,3],"23":[0,0],"24":[0,0],"25":[0,0],"26":[0,0],"27":[14,8,1,0,0],"28":[3,17],"29":[20,20],"30":[20,18],"31":[20,20],"32":[1,19],"33":[20,1],"34":[0,19],"35":[1,18],"36":[19,18],"37":[1,17],"38":[3,17],"39":[1,2],"40":[0,19],"41":[19,0],"42":[0,19],"43":[19,0]},"meta":{"lastBranch":44,"lastFunction":10,"lastStatement":90,"seen":{"f:4:16:4:Infinity":0,"b:10:2:10:Infinity:undefined:undefined:undefined:undefined":0,"s:10:2:10:Infinity":0,"b:10:6:10:29:10:29:10:47:10:47:10:61":1,"s:10:61:10:Infinity":1,"b:11:2:11:Infinity:undefined:undefined:undefined:undefined":2,"s:11:2:11:Infinity":2,"b:11:6:11:30:11:30:11:50":3,"s:11:50:11:Infinity":3,"s:13:18:13:Infinity":4,"s:14:15:14:Infinity":5,"s:16:2:34:Infinity":6,"b:24:45:24:61:24:61:24:Infinity":4,"b:25:45:25:51:25:51:25:Infinity":5,"f:37:16:37:30":1,"s:38:29:38:Infinity":7,"s:39:70:39:Infinity":8,"s:41:2:61:Infinity":9,"s:42:38:42:Infinity":10,"s:44:4:52:Infinity":11,"s:44:17:44:20":12,"s:45:20:45:Infinity":13,"s:46:20:46:Infinity":14,"s:47:19:47:Infinity":15,"b:48:6:51:Infinity:undefined:undefined:undefined:undefined":6,"s:48:6:51:Infinity":16,"s:49:8:49:Infinity":17,"s:50:8:50:Infinity":18,"s:54:4:60:Infinity":19,"s:54:17:54:20":20,"s:55:6:59:Infinity":21,"s:63:41:71:Infinity":22,"s:73:2:77:Infinity":23,"b:74:4:76:Infinity:undefined:undefined:undefined:undefined":7,"s:74:4:76:Infinity":24,"b:74:8:74:41:74:41:74:72":8,"f:74:19:74:24":2,"s:74:24:74:36":25,"f:74:52:74:57":3,"s:74:57:74:69":26,"s:75:6:75:Infinity":27,"s:79:2:79:Infinity":28,"f:82:9:82:29":4,"s:83:17:83:Infinity":29,"b:84:2:84:Infinity:undefined:undefined:undefined:undefined":9,"s:84:2:84:Infinity":30,"s:84:20:84:Infinity":31,"s:85:12:85:Infinity":32,"b:88:4:94:Infinity:95:4:97:Infinity:98:4:105:Infinity:106:4:112:Infinity:113:4:115:Infinity:116:4:117:Infinity":10,"s:87:2:118:Infinity":33,"s:89:18:89:Infinity":34,"b:89:18:89:31:89:31:89:Infinity":11,"s:90:18:90:Infinity":35,"b:90:18:90:31:90:31:90:Infinity":12,"s:91:12:91:Infinity":36,"s:92:6:92:Infinity":37,"b:92:34:92:51:92:51:92:Infinity":13,"s:93:6:93:Infinity":38,"s:96:6:96:Infinity":39,"b:96:35:96:53:96:53:96:Infinity":14,"b:96:43:96:47:96:47:96:53":15,"b:96:61:96:65:96:65:96:Infinity":16,"s:97:6:97:Infinity":40,"s:99:20:99:Infinity":41,"b:99:43:99:58:99:58:99:Infinity":17,"s:100:25:100:Infinity":42,"b:100:25:100:50:100:50:100:Infinity":18,"s:101:6:101:Infinity":43,"b:102:6:102:Infinity:undefined:undefined:undefined:undefined":19,"s:102:6:102:Infinity":44,"b:102:10:102:34:102:34:102:68":20,"s:102:68:102:Infinity":45,"b:103:6:103:Infinity:undefined:undefined:undefined:undefined":21,"s:103:6:103:Infinity":46,"b:103:10:103:34:103:34:103:66":22,"s:103:66:103:Infinity":47,"s:104:6:104:Infinity":48,"s:107:18:107:Infinity":49,"b:107:18:107:61:107:61:107:Infinity":23,"s:108:18:108:Infinity":50,"b:108:28:108:53:108:53:108:58":24,"s:109:6:109:Infinity":51,"b:109:22:109:34:109:34:109:Infinity":25,"b:110:6:110:Infinity:undefined:undefined:undefined:undefined":26,"s:110:6:110:Infinity":52,"s:110:31:110:Infinity":53,"s:111:6:111:Infinity":54,"s:114:6:114:Infinity":55,"s:115:6:115:Infinity":56,"s:117:6:117:Infinity":57,"s:119:2:119:Infinity":58,"f:122:9:122:26":5,"s:123:18:123:Infinity":59,"s:124:8:124:Infinity":60,"s:125:17:125:Infinity":61,"f:125:17:125:23":6,"s:125:23:125:Infinity":62,"b:127:4:127:Infinity:128:4:128:Infinity:129:4:129:Infinity:130:4:130:Infinity:131:4:131:Infinity":27,"s:126:2:132:Infinity":63,"s:127:14:127:Infinity":64,"s:128:14:128:Infinity":65,"s:129:14:129:Infinity":66,"s:130:14:130:Infinity":67,"s:131:13:131:Infinity":68,"f:144:16:144:35":7,"s:145:2:152:Infinity":69,"b:146:50:146:81:146:81:146:Infinity":28,"b:149:19:149:54:149:54:149:Infinity":29,"b:150:18:150:42:150:42:150:Infinity":30,"b:151:15:151:43:151:43:151:Infinity":31,"f:155:9:155:22":8,"b:156:2:156:Infinity:undefined:undefined:undefined:undefined":32,"s:156:2:156:Infinity":70,"b:156:6:156:29:156:29:156:47":33,"s:156:47:156:Infinity":71,"b:157:2:157:Infinity:undefined:undefined:undefined:undefined":34,"s:157:2:157:Infinity":72,"s:157:40:157:Infinity":73,"b:158:2:158:Infinity:undefined:undefined:undefined:undefined":35,"s:158:2:158:Infinity":74,"b:158:6:158:35:158:35:158:62":36,"s:158:62:158:Infinity":75,"b:159:2:159:Infinity:undefined:undefined:undefined:undefined":37,"s:159:2:159:Infinity":76,"s:159:43:159:Infinity":77,"s:160:2:160:Infinity":78,"f:163:9:163:25":9,"s:164:16:164:Infinity":79,"s:165:20:165:Infinity":80,"b:166:2:169:Infinity:undefined:undefined:undefined:undefined":38,"s:166:2:169:Infinity":81,"b:167:4:167:Infinity:undefined:undefined:undefined:undefined":39,"s:167:4:167:Infinity":82,"s:167:46:167:Infinity":83,"s:168:4:168:Infinity":84,"b:170:2:172:Infinity:undefined:undefined:undefined:undefined":40,"s:170:2:172:Infinity":85,"b:170:6:170:48:170:48:170:72":41,"s:171:4:171:Infinity":86,"b:173:2:175:Infinity:undefined:undefined:undefined:undefined":42,"s:173:2:175:Infinity":87,"b:173:6:173:48:173:48:173:72":43,"s:174:4:174:Infinity":88,"s:176:2:176:Infinity":89}}}
,"C:\\Users\\sandra\\Documents\\N0\\p31-buffer\\apps\\web\\src\\lib\\onboarding-store.ts": {"path":"C:\\Users\\sandra\\Documents\\N0\\p31-buffer\\apps\\web\\src\\lib\\onboarding-store.ts","statementMap":{"0":{"start":{"line":21,"column":4},"end":{"line":21,"column":null}},"1":{"start":{"line":22,"column":4},"end":{"line":24,"column":null}},"2":{"start":{"line":28,"column":28},"end":{"line":28,"column":null}},"3":{"start":{"line":31,"column":2},"end":{"line":35,"column":null}},"4":{"start":{"line":39,"column":17},"end":{"line":39,"column":null}},"5":{"start":{"line":40,"column":2},"end":{"line":40,"column":null}},"6":{"start":{"line":49,"column":2},"end":{"line":58,"column":null}},"7":{"start":{"line":59,"column":2},"end":{"line":59,"column":null}},"8":{"start":{"line":63,"column":16},"end":{"line":66,"column":null}},"9":{"start":{"line":67,"column":2},"end":{"line":67,"column":null}},"10":{"start":{"line":71,"column":18},"end":{"line":74,"column":null}},"11":{"start":{"line":75,"column":2},"end":{"line":75,"column":null}}},"fnMap":{"0":{"name":"(anonymous_0)","decl":{"start":{"line":20,"column":2},"end":{"line":20,"column":16}},"loc":{"start":{"line":20,"column":16},"end":{"line":25,"column":null}},"line":20},"1":{"name":"saveProgress","decl":{"start":{"line":30,"column":22},"end":{"line":30,"column":35}},"loc":{"start":{"line":30,"column":81},"end":{"line":36,"column":null}},"line":30},"2":{"name":"loadProgress","decl":{"start":{"line":38,"column":22},"end":{"line":38,"column":78}},"loc":{"start":{"line":38,"column":78},"end":{"line":41,"column":null}},"line":38},"3":{"name":"finalizeOnboarding","decl":{"start":{"line":43,"column":22},"end":{"line":43,"column":null}},"loc":{"start":{"line":48,"column":17},"end":{"line":60,"column":null}},"line":48},"4":{"name":"hasCompletedOnboarding","decl":{"start":{"line":62,"column":22},"end":{"line":62,"column":65}},"loc":{"start":{"line":62,"column":65},"end":{"line":68,"column":null}},"line":62},"5":{"name":"getCompletedOnboarding","decl":{"start":{"line":70,"column":22},"end":{"line":70,"column":81}},"loc":{"start":{"line":70,"column":81},"end":{"line":76,"column":null}},"line":70}},"branchMap":{"0":{"loc":{"start":{"line":40,"column":9},"end":{"line":40,"column":null}},"type":"binary-expr","locations":[{"start":{"line":40,"column":9},"end":{"line":40,"column":31}},{"start":{"line":40,"column":31},"end":{"line":40,"column":null}}],"line":40},"1":{"loc":{"start":{"line":50,"column":8},"end":{"line":50,"column":null}},"type":"binary-expr","locations":[{"start":{"line":50,"column":8},"end":{"line":50,"column":25}},{"start":{"line":50,"column":25},"end":{"line":50,"column":null}}],"line":50},"2":{"loc":{"start":{"line":55,"column":14},"end":{"line":55,"column":null}},"type":"cond-expr","locations":[{"start":{"line":55,"column":26},"end":{"line":55,"column":39}},{"start":{"line":55,"column":39},"end":{"line":55,"column":null}}],"line":55},"3":{"loc":{"start":{"line":75,"column":9},"end":{"line":75,"column":null}},"type":"cond-expr","locations":[{"start":{"line":75,"column":30},"end":{"line":75,"column":68}},{"start":{"line":75,"column":68},"end":{"line":75,"column":null}}],"line":75},"4":{"loc":{"start":{"line":75,"column":30},"end":{"line":75,"column":68}},"type":"binary-expr","locations":[{"start":{"line":75,"column":30},"end":{"line":75,"column":61}},{"start":{"line":75,"column":61},"end":{"line":75,"column":68}}],"line":75}},"s":{"0":2,"1":2,"2":2,"3":7,"4":9,"5":9,"6":4,"7":4,"8":8,"9":8,"10":2,"11":2},"f":{"0":2,"1":7,"2":9,"3":4,"4":8,"5":2},"b":{"0":[9,7],"1":[4,3],"2":[1,3],"3":[2,0],"4":[2,0]},"meta":{"lastBranch":5,"lastFunction":6,"lastStatement":12,"seen":{"f:20:2:20:16":0,"s:21:4:21:Infinity":0,"s:22:4:24:Infinity":1,"s:28:28:28:Infinity":2,"f:30:22:30:35":1,"s:31:2:35:Infinity":3,"f:38:22:38:78":2,"s:39:17:39:Infinity":4,"s:40:2:40:Infinity":5,"b:40:9:40:31:40:31:40:Infinity":0,"f:43:22:43:Infinity":3,"s:49:2:58:Infinity":6,"b:50:8:50:25:50:25:50:Infinity":1,"b:55:26:55:39:55:39:55:Infinity":2,"s:59:2:59:Infinity":7,"f:62:22:62:65":4,"s:63:16:66:Infinity":8,"s:67:2:67:Infinity":9,"f:70:22:70:81":5,"s:71:18:74:Infinity":10,"s:75:2:75:Infinity":11,"b:75:30:75:68:75:68:75:Infinity":3,"b:75:30:75:61:75:61:75:68":4}}}
}
